<?xml version="1.0" encoding="UTF-8"?>
<testsuite xmlns:xsi="http://www.w3.org/2001/XMLSchema-instance" xsi:noNamespaceSchemaLocation="https://maven.apache.org/surefire/maven-surefire-plugin/xsd/surefire-test-report-3.0.xsd" version="3.0" name="com.example.karate.selenium.AppTest" time="3.201" tests="1" errors="0" skipped="0" failures="0">
  <properties>
[...]
</properties>
  <testcase name="[1:3] Verify home, payment, and reports pages" classname="features/web-scraper" time="2.587">
    <system-out><![CDATA[04:40:45.471 [main] DEBUG com.intuit.karate.Suite -- [config] classpath:karate-config.js
04:40:46.168 [main] WARN com.intuit.karate -- type was null, defaulting to 'chrome'
04:40:46.184 [main] DEBUG com.intuit.karate.shell.Command -- found / verified free local port: 9222
04:40:46.184 [chrome_1749462046168] DEBUG com.intuit.karate.driver.chrome_1749462046168 -- command: [C:\Program Files\Google\Chrome\Application\chrome.exe, --remote-debugging-port=9222, --remote-allow-origins=*, --no-first-run, --user-data-dir=C:\karate-projects\karate-selenium-tests\target\chrome_1749462046168, --disable-popup-blocking], working dir: target\chrome_1749462046168
04:40:46.184 [main] DEBUG com.intuit.karate.driver.chrome_1749462046168 -- poll attempt #0 for port to be ready - localhost:9222
04:40:46.327 [chrome_1749462046168-out] DEBUG com.intuit.karate.driver.chrome_1749462046168 -- 
04:40:46.328 [chrome_1749462046168-out] DEBUG com.intuit.karate.driver.chrome_1749462046168 -- DevTools listening on ws://127.0.0.1:9222/devtools/browser/7f77e718-2974-4909-8761-f46cb541d9f5
04:40:46.460 [main] DEBUG com.intuit.karate.driver.chrome_1749462046168 -- poll attempt #1 for port to be ready - localhost:9222
04:40:46.770 [main] DEBUG org.apache.http.client.protocol.RequestAddCookies -- CookieSpec selected: karate
04:40:46.774 [main] DEBUG org.apache.http.client.protocol.RequestAuthCache -- Auth cache not set in the context
04:40:46.775 [main] DEBUG com.intuit.karate -- request:
1 > GET http://localhost:9222/json
1 > Host: localhost:9222
1 > Connection: Keep-Alive
1 > User-Agent: Apache-HttpClient/4.5.14 (Java/17.0.15)
1 > Accept-Encoding: gzip,deflate


04:40:46.776 [main] DEBUG org.apache.http.impl.conn.PoolingHttpClientConnectionManager -- Connection request: [route: {}->http://localhost:9222][total available: 0; route allocated: 0 of 5; total allocated: 0 of 10]
04:40:46.782 [main] DEBUG org.apache.http.impl.conn.PoolingHttpClientConnectionManager -- Connection leased: [id: 0][route: {}->http://localhost:9222][total available: 0; route allocated: 1 of 5; total allocated: 1 of 10]
04:40:46.782 [main] DEBUG org.apache.http.impl.execchain.MainClientExec -- Opening connection {}->http://localhost:9222
04:40:46.782 [main] DEBUG org.apache.http.impl.conn.DefaultHttpClientConnectionOperator -- Connecting to localhost/127.0.0.1:9222
04:40:46.782 [main] DEBUG org.apache.http.impl.conn.DefaultHttpClientConnectionOperator -- Connection established 127.0.0.1:30767<->127.0.0.1:9222
04:40:46.782 [main] DEBUG org.apache.http.impl.conn.DefaultManagedHttpClientConnection -- http-outgoing-0: set socket timeout to 30000
04:40:46.782 [main] DEBUG org.apache.http.impl.execchain.MainClientExec -- Executing request GET /json HTTP/1.1
04:40:46.782 [main] DEBUG org.apache.http.impl.execchain.MainClientExec -- Target auth state: UNCHALLENGED
04:40:46.782 [main] DEBUG org.apache.http.impl.execchain.MainClientExec -- Proxy auth state: UNCHALLENGED
04:40:46.782 [main] DEBUG org.apache.http.headers -- http-outgoing-0 >> GET /json HTTP/1.1
04:40:46.782 [main] DEBUG org.apache.http.headers -- http-outgoing-0 >> Host: localhost:9222
04:40:46.782 [main] DEBUG org.apache.http.headers -- http-outgoing-0 >> Connection: Keep-Alive
04:40:46.782 [main] DEBUG org.apache.http.headers -- http-outgoing-0 >> User-Agent: Apache-HttpClient/4.5.14 (Java/17.0.15)
04:40:46.782 [main] DEBUG org.apache.http.headers -- http-outgoing-0 >> Accept-Encoding: gzip,deflate
04:40:46.782 [main] DEBUG org.apache.http.wire -- http-outgoing-0 >> "GET /json HTTP/1.1[\r][\n]"
04:40:46.782 [main] DEBUG org.apache.http.wire -- http-outgoing-0 >> "Host: localhost:9222[\r][\n]"
04:40:46.782 [main] DEBUG org.apache.http.wire -- http-outgoing-0 >> "Connection: Keep-Alive[\r][\n]"
04:40:46.782 [main] DEBUG org.apache.http.wire -- http-outgoing-0 >> "User-Agent: Apache-HttpClient/4.5.14 (Java/17.0.15)[\r][\n]"
04:40:46.782 [main] DEBUG org.apache.http.wire -- http-outgoing-0 >> "Accept-Encoding: gzip,deflate[\r][\n]"
04:40:46.782 [main] DEBUG org.apache.http.wire -- http-outgoing-0 >> "[\r][\n]"
04:40:46.782 [main] DEBUG org.apache.http.wire -- http-outgoing-0 << "HTTP/1.1 200 OK[\r][\n]"
04:40:46.782 [main] DEBUG org.apache.http.wire -- http-outgoing-0 << "Content-Security-Policy:frame-ancestors 'none'[\r][\n]"
04:40:46.782 [main] DEBUG org.apache.http.wire -- http-outgoing-0 << "Content-Length:2135[\r][\n]"
04:40:46.782 [main] DEBUG org.apache.http.wire -- http-outgoing-0 << "Content-Type:application/json; charset=UTF-8[\r][\n]"
04:40:46.782 [main] DEBUG org.apache.http.wire -- http-outgoing-0 << "[\r][\n]"
04:40:46.782 [main] DEBUG org.apache.http.wire -- http-outgoing-0 << "[ {[\r][\n]"
04:40:46.782 [main] DEBUG org.apache.http.wire -- http-outgoing-0 << "   "description": "",[\r][\n]"
04:40:46.782 [main] DEBUG org.apache.http.wire -- http-outgoing-0 << "   "devtoolsFrontendUrl": "https://chrome-devtools-frontend.appspot.com/serve_rev/@a9992b37f5bd058b0162035c1c8dcfc1bb788ba4/inspector.html?ws=localhost:9222/devtools/page/7286DDFD93067ACFCFDC8D0819A2D067",[\r][\n]"
04:40:46.782 [main] DEBUG org.apache.http.wire -- http-outgoing-0 << "   "id": "7286DDFD93067ACFCFDC8D0819A2D067",[\r][\n]"
04:40:46.782 [main] DEBUG org.apache.http.wire -- http-outgoing-0 << "   "title": "Google Network Speech",[\r][\n]"
04:40:46.782 [main] DEBUG org.apache.http.wire -- http-outgoing-0 << "   "type": "background_page",[\r][\n]"
04:40:46.782 [main] DEBUG org.apache.http.wire -- http-outgoing-0 << "   "url": "chrome-extension://neajdppkdcdipfabeoofebfddakdcjhd/_generated_background_page.html",[\r][\n]"
04:40:46.782 [main] DEBUG org.apache.http.wire -- http-outgoing-0 << "   "webSocketDebuggerUrl": "ws://localhost:9222/devtools/page/7286DDFD93067ACFCFDC8D0819A2D067"[\r][\n]"
04:40:46.782 [main] DEBUG org.apache.http.wire -- http-outgoing-0 << "}, {[\r][\n]"
04:40:46.782 [main] DEBUG org.apache.http.wire -- http-outgoing-0 << "   "description": "",[\r][\n]"
04:40:46.782 [main] DEBUG org.apache.http.wire -- http-outgoing-0 << "   "devtoolsFrontendUrl": "https://chrome-devtools-frontend.appspot.com/serve_rev/@a9992b37f5bd058b0162035c1c8dcfc1bb788ba4/inspector.html?ws=localhost:9222/devtools/page/555C71889AA58958116A0EC14993A5F7",[\r][\n]"
04:40:46.782 [main] DEBUG org.apache.http.wire -- http-outgoing-0 << "   "id": "555C71889AA58958116A0EC14993A5F7",[\r][\n]"
04:40:46.782 [main] DEBUG org.apache.http.wire -- http-outgoing-0 << "   "title": "Google Hangouts",[\r][\n]"
04:40:46.782 [main] DEBUG org.apache.http.wire -- http-outgoing-0 << "   "type": "background_page",[\r][\n]"
04:40:46.782 [main] DEBUG org.apache.http.wire -- http-outgoing-0 << "   "url": "chrome-extension://nkeimhogjdpnpccoofpliimaahmaaome/background.html",[\r][\n]"
04:40:46.782 [main] DEBUG org.apache.http.wire -- http-outgoing-0 << "   "webSocketDebuggerUrl": "ws://localhost:9222/devtools/page/555C71889AA58958116A0EC14993A5F7"[\r][\n]"
04:40:46.782 [main] DEBUG org.apache.http.wire -- http-outgoing-0 << "}, {[\r][\n]"
04:40:46.782 [main] DEBUG org.apache.http.wire -- http-outgoing-0 << "   "description": "",[\r][\n]"
04:40:46.782 [main] DEBUG org.apache.http.wire -- http-outgoing-0 << "   "devtoolsFrontendUrl": "https://chrome-devtools-frontend.appspot.com/serve_rev/@a9992b37f5bd058b0162035c1c8dcfc1bb788ba4/inspector.html?ws=localhost:9222/devtools/page/9D241921528E89004FB174630DFCB267",[\r][\n]"
04:40:46.782 [main] DEBUG org.apache.http.wire -- http-outgoing-0 << "   "id": "9D241921528E89004FB174630DFCB267",[\r][\n]"
04:40:46.782 [main] DEBUG org.apache.http.wire -- http-outgoing-0 << "   "title": "New Tab",[\r][\n]"
04:40:46.782 [main] DEBUG org.apache.http.wire -- http-outgoing-0 << "   "type": "page",[\r][\n]"
04:40:46.782 [main] DEBUG org.apache.http.wire -- http-outgoing-0 << "   "url": "chrome://newtab/",[\r][\n]"
04:40:46.782 [main] DEBUG org.apache.http.wire -- http-outgoing-0 << "   "webSocketDebuggerUrl": "ws://localhost:9222/devtools/page/9D241921528E89004FB174630DFCB267"[\r][\n]"
04:40:46.782 [main] DEBUG org.apache.http.wire -- http-outgoing-0 << "}, {[\r][\n]"
04:40:46.782 [main] DEBUG org.apache.http.wire -- http-outgoing-0 << "   "description": "",[\r][\n]"
04:40:46.782 [main] DEBUG org.apache.http.wire -- http-outgoing-0 << "   "devtoolsFrontendUrl": "https://chrome-devtools-frontend.appspot.com/serve_rev/@a9992b37f5bd058b0162035c1c8dcfc1bb788ba4/inspector.html?ws=localhost:9222/devtools/page/03FE102E852CEB3332F67F867F266753",[\r][\n]"
04:40:46.782 [main] DEBUG org.apache.http.wire -- http-outgoing-0 << "   "id": "03FE102E852CEB3332F67F867F266753",[\r][\n]"
04:40:46.782 [main] DEBUG org.apache.http.wire -- http-outgoing-0 << "   "parentId": "9D241921528E89004FB174630DFCB267",[\r][\n]"
04:40:46.782 [main] DEBUG org.apache.http.wire -- http-outgoing-0 << "   "title": "chrome-untrusted://new-tab-page/one-google-bar?paramsencoded=",[\r][\n]"
04:40:46.782 [main] DEBUG org.apache.http.wire -- http-outgoing-0 << "   "type": "iframe",[\r][\n]"
04:40:46.793 [main] DEBUG org.apache.http.wire -- http-outgoing-0 << "   "url": "chrome-untrusted://new-tab-page/one-google-bar?paramsencoded=",[\r][\n]"
04:40:46.793 [main] DEBUG org.apache.http.wire -- http-outgoing-0 << "   "webSocketDebuggerUrl": "ws://localhost:9222/devtools/page/03FE102E852CEB3332F67F867F266753"[\r][\n]"
04:40:46.793 [main] DEBUG org.apache.http.wire -- http-outgoing-0 << "} ][\r][\n]"
04:40:46.795 [main] DEBUG org.apache.http.headers -- http-outgoing-0 << HTTP/1.1 200 OK
04:40:46.795 [main] DEBUG org.apache.http.headers -- http-outgoing-0 << Content-Security-Policy:frame-ancestors 'none'
04:40:46.795 [main] DEBUG org.apache.http.headers -- http-outgoing-0 << Content-Length:2135
04:40:46.795 [main] DEBUG org.apache.http.headers -- http-outgoing-0 << Content-Type:application/json; charset=UTF-8
04:40:46.798 [main] DEBUG org.apache.http.impl.execchain.MainClientExec -- Connection can be kept alive indefinitely
04:40:46.800 [main] DEBUG org.apache.http.impl.conn.PoolingHttpClientConnectionManager -- Connection [id: 0][route: {}->http://localhost:9222] can be kept alive indefinitely
04:40:46.800 [main] DEBUG org.apache.http.impl.conn.DefaultManagedHttpClientConnection -- http-outgoing-0: set socket timeout to 0
04:40:46.800 [main] DEBUG org.apache.http.impl.conn.PoolingHttpClientConnectionManager -- Connection released: [id: 0][route: {}->http://localhost:9222][total available: 1; route allocated: 1 of 5; total allocated: 1 of 10]
04:40:46.800 [main] DEBUG org.apache.http.impl.conn.PoolingHttpClientConnectionManager -- Connection manager is shutting down
04:40:46.800 [main] DEBUG org.apache.http.impl.conn.DefaultManagedHttpClientConnection -- http-outgoing-0: Close connection
04:40:46.800 [main] DEBUG org.apache.http.impl.conn.PoolingHttpClientConnectionManager -- Connection manager shut down
04:40:46.801 [main] DEBUG com.intuit.karate -- response time in milliseconds: 24
1 < 200
1 < Content-Security-Policy: frame-ancestors 'none'
1 < Content-Length: 2135
1 < Content-Type: application/json; charset=UTF-8
[ {
   "description": "",
   "devtoolsFrontendUrl": "https://chrome-devtools-frontend.appspot.com/serve_rev/@a9992b37f5bd058b0162035c1c8dcfc1bb788ba4/inspector.html?ws=localhost:9222/devtools/page/7286DDFD93067ACFCFDC8D0819A2D067",
   "id": "7286DDFD93067ACFCFDC8D0819A2D067",
   "title": "Google Network Speech",
   "type": "background_page",
   "url": "chrome-extension://neajdppkdcdipfabeoofebfddakdcjhd/_generated_background_page.html",
   "webSocketDebuggerUrl": "ws://localhost:9222/devtools/page/7286DDFD93067ACFCFDC8D0819A2D067"
}, {
   "description": "",
   "devtoolsFrontendUrl": "https://chrome-devtools-frontend.appspot.com/serve_rev/@a9992b37f5bd058b0162035c1c8dcfc1bb788ba4/inspector.html?ws=localhost:9222/devtools/page/555C71889AA58958116A0EC14993A5F7",
   "id": "555C71889AA58958116A0EC14993A5F7",
   "title": "Google Hangouts",
   "type": "background_page",
   "url": "chrome-extension://nkeimhogjdpnpccoofpliimaahmaaome/background.html",
   "webSocketDebuggerUrl": "ws://localhost:9222/devtools/page/555C71889AA58958116A0EC14993A5F7"
}, {
   "description": "",
   "devtoolsFrontendUrl": "https://chrome-devtools-frontend.appspot.com/serve_rev/@a9992b37f5bd058b0162035c1c8dcfc1bb788ba4/inspector.html?ws=localhost:9222/devtools/page/9D241921528E89004FB174630DFCB267",
   "id": "9D241921528E89004FB174630DFCB267",
   "title": "New Tab",
   "type": "page",
   "url": "chrome://newtab/",
   "webSocketDebuggerUrl": "ws://localhost:9222/devtools/page/9D241921528E89004FB174630DFCB267"
}, {
   "description": "",
   "devtoolsFrontendUrl": "https://chrome-devtools-frontend.appspot.com/serve_rev/@a9992b37f5bd058b0162035c1c8dcfc1bb788ba4/inspector.html?ws=localhost:9222/devtools/page/03FE102E852CEB3332F67F867F266753",
   "id": "03FE102E852CEB3332F67F867F266753",
   "parentId": "9D241921528E89004FB174630DFCB267",
   "title": "chrome-untrusted://new-tab-page/one-google-bar?paramsencoded=",
   "type": "iframe",
   "url": "chrome-untrusted://new-tab-page/one-google-bar?paramsencoded=",
   "webSocketDebuggerUrl": "ws://localhost:9222/devtools/page/03FE102E852CEB3332F67F867F266753"
} ]


04:40:46.882 [main] DEBUG com.jayway.jsonpath.internal.path.CompiledPath -- Evaluating path: $
04:40:46.885 [main] DEBUG com.intuit.karate.shell.Command -- ready to accept http connections after 390 ms - http://localhost:9222/json
04:40:46.886 [main] DEBUG org.apache.http.client.protocol.RequestAddCookies -- CookieSpec selected: karate
04:40:46.887 [main] DEBUG org.apache.http.client.protocol.RequestAuthCache -- Auth cache not set in the context
04:40:46.887 [main] DEBUG com.intuit.karate -- request:
1 > GET http://localhost:9222/json
1 > Host: localhost:9222
1 > Connection: Keep-Alive
1 > User-Agent: Apache-HttpClient/4.5.14 (Java/17.0.15)
1 > Accept-Encoding: gzip,deflate


04:40:46.887 [main] DEBUG org.apache.http.impl.conn.PoolingHttpClientConnectionManager -- Connection request: [route: {}->http://localhost:9222][total available: 0; route allocated: 0 of 5; total allocated: 0 of 10]
04:40:46.887 [main] DEBUG org.apache.http.impl.conn.PoolingHttpClientConnectionManager -- Connection leased: [id: 1][route: {}->http://localhost:9222][total available: 0; route allocated: 1 of 5; total allocated: 1 of 10]
04:40:46.887 [main] DEBUG org.apache.http.impl.execchain.MainClientExec -- Opening connection {}->http://localhost:9222
04:40:46.888 [main] DEBUG org.apache.http.impl.conn.DefaultHttpClientConnectionOperator -- Connecting to localhost/127.0.0.1:9222
04:40:46.888 [main] DEBUG org.apache.http.impl.conn.DefaultHttpClientConnectionOperator -- Connection established 127.0.0.1:30772<->127.0.0.1:9222
04:40:46.888 [main] DEBUG org.apache.http.impl.conn.DefaultManagedHttpClientConnection -- http-outgoing-1: set socket timeout to 30000
04:40:46.889 [main] DEBUG org.apache.http.impl.execchain.MainClientExec -- Executing request GET /json HTTP/1.1
04:40:46.889 [main] DEBUG org.apache.http.impl.execchain.MainClientExec -- Target auth state: UNCHALLENGED
04:40:46.889 [main] DEBUG org.apache.http.impl.execchain.MainClientExec -- Proxy auth state: UNCHALLENGED
04:40:46.889 [main] DEBUG org.apache.http.headers -- http-outgoing-1 >> GET /json HTTP/1.1
04:40:46.889 [main] DEBUG org.apache.http.headers -- http-outgoing-1 >> Host: localhost:9222
04:40:46.889 [main] DEBUG org.apache.http.headers -- http-outgoing-1 >> Connection: Keep-Alive
04:40:46.889 [main] DEBUG org.apache.http.headers -- http-outgoing-1 >> User-Agent: Apache-HttpClient/4.5.14 (Java/17.0.15)
04:40:46.889 [main] DEBUG org.apache.http.headers -- http-outgoing-1 >> Accept-Encoding: gzip,deflate
04:40:46.889 [main] DEBUG org.apache.http.wire -- http-outgoing-1 >> "GET /json HTTP/1.1[\r][\n]"
04:40:46.890 [main] DEBUG org.apache.http.wire -- http-outgoing-1 >> "Host: localhost:9222[\r][\n]"
04:40:46.890 [main] DEBUG org.apache.http.wire -- http-outgoing-1 >> "Connection: Keep-Alive[\r][\n]"
04:40:46.890 [main] DEBUG org.apache.http.wire -- http-outgoing-1 >> "User-Agent: Apache-HttpClient/4.5.14 (Java/17.0.15)[\r][\n]"
04:40:46.890 [main] DEBUG org.apache.http.wire -- http-outgoing-1 >> "Accept-Encoding: gzip,deflate[\r][\n]"
04:40:46.890 [main] DEBUG org.apache.http.wire -- http-outgoing-1 >> "[\r][\n]"
04:40:46.890 [main] DEBUG org.apache.http.wire -- http-outgoing-1 << "HTTP/1.1 200 OK[\r][\n]"
04:40:46.891 [main] DEBUG org.apache.http.wire -- http-outgoing-1 << "Content-Security-Policy:frame-ancestors 'none'[\r][\n]"
04:40:46.891 [main] DEBUG org.apache.http.wire -- http-outgoing-1 << "Content-Length:2135[\r][\n]"
04:40:46.891 [main] DEBUG org.apache.http.wire -- http-outgoing-1 << "Content-Type:application/json; charset=UTF-8[\r][\n]"
04:40:46.891 [main] DEBUG org.apache.http.wire -- http-outgoing-1 << "[\r][\n]"
04:40:46.891 [main] DEBUG org.apache.http.wire -- http-outgoing-1 << "[ {[\r][\n]"
04:40:46.891 [main] DEBUG org.apache.http.wire -- http-outgoing-1 << "   "description": "",[\r][\n]"
04:40:46.891 [main] DEBUG org.apache.http.wire -- http-outgoing-1 << "   "devtoolsFrontendUrl": "https://chrome-devtools-frontend.appspot.com/serve_rev/@a9992b37f5bd058b0162035c1c8dcfc1bb788ba4/inspector.html?ws=localhost:9222/devtools/page/7286DDFD93067ACFCFDC8D0819A2D067",[\r][\n]"
04:40:46.891 [main] DEBUG org.apache.http.wire -- http-outgoing-1 << "   "id": "7286DDFD93067ACFCFDC8D0819A2D067",[\r][\n]"
04:40:46.891 [main] DEBUG org.apache.http.wire -- http-outgoing-1 << "   "title": "Google Network Speech",[\r][\n]"
04:40:46.891 [main] DEBUG org.apache.http.wire -- http-outgoing-1 << "   "type": "background_page",[\r][\n]"
04:40:46.891 [main] DEBUG org.apache.http.wire -- http-outgoing-1 << "   "url": "chrome-extension://neajdppkdcdipfabeoofebfddakdcjhd/_generated_background_page.html",[\r][\n]"
04:40:46.891 [main] DEBUG org.apache.http.wire -- http-outgoing-1 << "   "webSocketDebuggerUrl": "ws://localhost:9222/devtools/page/7286DDFD93067ACFCFDC8D0819A2D067"[\r][\n]"
04:40:46.891 [main] DEBUG org.apache.http.wire -- http-outgoing-1 << "}, {[\r][\n]"
04:40:46.891 [main] DEBUG org.apache.http.wire -- http-outgoing-1 << "   "description": "",[\r][\n]"
04:40:46.891 [main] DEBUG org.apache.http.wire -- http-outgoing-1 << "   "devtoolsFrontendUrl": "https://chrome-devtools-frontend.appspot.com/serve_rev/@a9992b37f5bd058b0162035c1c8dcfc1bb788ba4/inspector.html?ws=localhost:9222/devtools/page/555C71889AA58958116A0EC14993A5F7",[\r][\n]"
04:40:46.891 [main] DEBUG org.apache.http.wire -- http-outgoing-1 << "   "id": "555C71889AA58958116A0EC14993A5F7",[\r][\n]"
04:40:46.892 [main] DEBUG org.apache.http.wire -- http-outgoing-1 << "   "title": "Google Hangouts",[\r][\n]"
04:40:46.892 [main] DEBUG org.apache.http.wire -- http-outgoing-1 << "   "type": "background_page",[\r][\n]"
04:40:46.892 [main] DEBUG org.apache.http.wire -- http-outgoing-1 << "   "url": "chrome-extension://nkeimhogjdpnpccoofpliimaahmaaome/background.html",[\r][\n]"
04:40:46.892 [main] DEBUG org.apache.http.wire -- http-outgoing-1 << "   "webSocketDebuggerUrl": "ws://localhost:9222/devtools/page/555C71889AA58958116A0EC14993A5F7"[\r][\n]"
04:40:46.892 [main] DEBUG org.apache.http.wire -- http-outgoing-1 << "}, {[\r][\n]"
04:40:46.892 [main] DEBUG org.apache.http.wire -- http-outgoing-1 << "   "description": "",[\r][\n]"
04:40:46.892 [main] DEBUG org.apache.http.wire -- http-outgoing-1 << "   "devtoolsFrontendUrl": "https://chrome-devtools-frontend.appspot.com/serve_rev/@a9992b37f5bd058b0162035c1c8dcfc1bb788ba4/inspector.html?ws=localhost:9222/devtools/page/9D241921528E89004FB174630DFCB267",[\r][\n]"
04:40:46.892 [main] DEBUG org.apache.http.wire -- http-outgoing-1 << "   "id": "9D241921528E89004FB174630DFCB267",[\r][\n]"
04:40:46.892 [main] DEBUG org.apache.http.wire -- http-outgoing-1 << "   "title": "New Tab",[\r][\n]"
04:40:46.892 [main] DEBUG org.apache.http.wire -- http-outgoing-1 << "   "type": "page",[\r][\n]"
04:40:46.892 [main] DEBUG org.apache.http.wire -- http-outgoing-1 << "   "url": "chrome://newtab/",[\r][\n]"
04:40:46.892 [main] DEBUG org.apache.http.wire -- http-outgoing-1 << "   "webSocketDebuggerUrl": "ws://localhost:9222/devtools/page/9D241921528E89004FB174630DFCB267"[\r][\n]"
04:40:46.892 [main] DEBUG org.apache.http.wire -- http-outgoing-1 << "}, {[\r][\n]"
04:40:46.892 [main] DEBUG org.apache.http.wire -- http-outgoing-1 << "   "description": "",[\r][\n]"
04:40:46.892 [main] DEBUG org.apache.http.wire -- http-outgoing-1 << "   "devtoolsFrontendUrl": "https://chrome-devtools-frontend.appspot.com/serve_rev/@a9992b37f5bd058b0162035c1c8dcfc1bb788ba4/inspector.html?ws=localhost:9222/devtools/page/03FE102E852CEB3332F67F867F266753",[\r][\n]"
04:40:46.892 [main] DEBUG org.apache.http.wire -- http-outgoing-1 << "   "id": "03FE102E852CEB3332F67F867F266753",[\r][\n]"
04:40:46.892 [main] DEBUG org.apache.http.wire -- http-outgoing-1 << "   "parentId": "9D241921528E89004FB174630DFCB267",[\r][\n]"
04:40:46.892 [main] DEBUG org.apache.http.wire -- http-outgoing-1 << "   "title": "chrome-untrusted://new-tab-page/one-google-bar?paramsencoded=",[\r][\n]"
04:40:46.892 [main] DEBUG org.apache.http.wire -- http-outgoing-1 << "   "type": "iframe",[\r][\n]"
04:40:46.892 [main] DEBUG org.apache.http.wire -- http-outgoing-1 << "   "url": "chrome-untrusted://new-tab-page/one-google-bar?paramsencoded=",[\r][\n]"
04:40:46.892 [main] DEBUG org.apache.http.wire -- http-outgoing-1 << "   "webSocketDebuggerUrl": "ws://localhost:9222/devtools/page/03FE102E852CEB3332F67F867F266753"[\r][\n]"
04:40:46.892 [main] DEBUG org.apache.http.wire -- http-outgoing-1 << "} ][\r][\n]"
04:40:46.892 [main] DEBUG org.apache.http.headers -- http-outgoing-1 << HTTP/1.1 200 OK
04:40:46.892 [main] DEBUG org.apache.http.headers -- http-outgoing-1 << Content-Security-Policy:frame-ancestors 'none'
04:40:46.892 [main] DEBUG org.apache.http.headers -- http-outgoing-1 << Content-Length:2135
04:40:46.892 [main] DEBUG org.apache.http.headers -- http-outgoing-1 << Content-Type:application/json; charset=UTF-8
04:40:46.892 [main] DEBUG org.apache.http.impl.execchain.MainClientExec -- Connection can be kept alive indefinitely
04:40:46.892 [main] DEBUG org.apache.http.impl.conn.PoolingHttpClientConnectionManager -- Connection [id: 1][route: {}->http://localhost:9222] can be kept alive indefinitely
04:40:46.892 [main] DEBUG org.apache.http.impl.conn.DefaultManagedHttpClientConnection -- http-outgoing-1: set socket timeout to 0
04:40:46.892 [main] DEBUG org.apache.http.impl.conn.PoolingHttpClientConnectionManager -- Connection released: [id: 1][route: {}->http://localhost:9222][total available: 1; route allocated: 1 of 5; total allocated: 1 of 10]
04:40:46.893 [main] DEBUG org.apache.http.impl.conn.PoolingHttpClientConnectionManager -- Connection manager is shutting down
04:40:46.893 [main] DEBUG org.apache.http.impl.conn.DefaultManagedHttpClientConnection -- http-outgoing-1: Close connection
04:40:46.893 [main] DEBUG org.apache.http.impl.conn.PoolingHttpClientConnectionManager -- Connection manager shut down
04:40:46.893 [main] DEBUG com.intuit.karate -- response time in milliseconds: 6
1 < 200
1 < Content-Security-Policy: frame-ancestors 'none'
1 < Content-Length: 2135
1 < Content-Type: application/json; charset=UTF-8
[ {
   "description": "",
   "devtoolsFrontendUrl": "https://chrome-devtools-frontend.appspot.com/serve_rev/@a9992b37f5bd058b0162035c1c8dcfc1bb788ba4/inspector.html?ws=localhost:9222/devtools/page/7286DDFD93067ACFCFDC8D0819A2D067",
   "id": "7286DDFD93067ACFCFDC8D0819A2D067",
   "title": "Google Network Speech",
   "type": "background_page",
   "url": "chrome-extension://neajdppkdcdipfabeoofebfddakdcjhd/_generated_background_page.html",
   "webSocketDebuggerUrl": "ws://localhost:9222/devtools/page/7286DDFD93067ACFCFDC8D0819A2D067"
}, {
   "description": "",
   "devtoolsFrontendUrl": "https://chrome-devtools-frontend.appspot.com/serve_rev/@a9992b37f5bd058b0162035c1c8dcfc1bb788ba4/inspector.html?ws=localhost:9222/devtools/page/555C71889AA58958116A0EC14993A5F7",
   "id": "555C71889AA58958116A0EC14993A5F7",
   "title": "Google Hangouts",
   "type": "background_page",
   "url": "chrome-extension://nkeimhogjdpnpccoofpliimaahmaaome/background.html",
   "webSocketDebuggerUrl": "ws://localhost:9222/devtools/page/555C71889AA58958116A0EC14993A5F7"
}, {
   "description": "",
   "devtoolsFrontendUrl": "https://chrome-devtools-frontend.appspot.com/serve_rev/@a9992b37f5bd058b0162035c1c8dcfc1bb788ba4/inspector.html?ws=localhost:9222/devtools/page/9D241921528E89004FB174630DFCB267",
   "id": "9D241921528E89004FB174630DFCB267",
   "title": "New Tab",
   "type": "page",
   "url": "chrome://newtab/",
   "webSocketDebuggerUrl": "ws://localhost:9222/devtools/page/9D241921528E89004FB174630DFCB267"
}, {
   "description": "",
   "devtoolsFrontendUrl": "https://chrome-devtools-frontend.appspot.com/serve_rev/@a9992b37f5bd058b0162035c1c8dcfc1bb788ba4/inspector.html?ws=localhost:9222/devtools/page/03FE102E852CEB3332F67F867F266753",
   "id": "03FE102E852CEB3332F67F867F266753",
   "parentId": "9D241921528E89004FB174630DFCB267",
   "title": "chrome-untrusted://new-tab-page/one-google-bar?paramsencoded=",
   "type": "iframe",
   "url": "chrome-untrusted://new-tab-page/one-google-bar?paramsencoded=",
   "webSocketDebuggerUrl": "ws://localhost:9222/devtools/page/03FE102E852CEB3332F67F867F266753"
} ]


04:40:46.895 [main] DEBUG com.jayway.jsonpath.internal.path.CompiledPath -- Evaluating path: $
04:40:46.895 [main] DEBUG com.jayway.jsonpath.internal.path.CompiledPath -- Evaluating path: $
04:40:46.897 [main] DEBUG com.intuit.karate.driver.chrome_1749462046168 -- root frame id: 9D241921528E89004FB174630DFCB267
04:40:46.904 [main] DEBUG io.netty.util.internal.logging.InternalLoggerFactory -- Using SLF4J as the default logging framework
04:40:46.904 [main] DEBUG io.netty.channel.MultithreadEventLoopGroup -- -Dio.netty.eventLoopThreads: 32
04:40:46.908 [main] DEBUG io.netty.util.concurrent.GlobalEventExecutor -- -Dio.netty.globalEventExecutor.quietPeriodSeconds: 1
04:40:46.914 [main] DEBUG io.netty.util.internal.InternalThreadLocalMap -- -Dio.netty.threadLocalMap.stringBuilder.initialSize: 1024
04:40:46.915 [main] DEBUG io.netty.util.internal.InternalThreadLocalMap -- -Dio.netty.threadLocalMap.stringBuilder.maxSize: 4096
04:40:46.931 [main] DEBUG io.netty.util.internal.PlatformDependent0 -- -Dio.netty.noUnsafe: false
04:40:46.931 [main] DEBUG io.netty.util.internal.PlatformDependent0 -- Java version: 17
04:40:46.931 [main] DEBUG io.netty.util.internal.PlatformDependent0 -- sun.misc.Unsafe.theUnsafe: available
04:40:46.932 [main] DEBUG io.netty.util.internal.PlatformDependent0 -- sun.misc.Unsafe.copyMemory: available
04:40:46.932 [main] DEBUG io.netty.util.internal.PlatformDependent0 -- sun.misc.Unsafe.storeFence: available
04:40:46.932 [main] DEBUG io.netty.util.internal.PlatformDependent0 -- java.nio.Buffer.address: available
04:40:46.932 [main] DEBUG io.netty.util.internal.PlatformDependent0 -- direct buffer constructor: unavailable: Reflective setAccessible(true) disabled
04:40:46.933 [main] DEBUG io.netty.util.internal.PlatformDependent0 -- java.nio.Bits.unaligned: available, true
04:40:46.933 [main] DEBUG io.netty.util.internal.PlatformDependent0 -- jdk.internal.misc.Unsafe.allocateUninitializedArray(int): unavailable: class io.netty.util.internal.PlatformDependent0$7 cannot access class jdk.internal.misc.Unsafe (in module java.base) because module java.base does not export jdk.internal.misc to unnamed module @290dbf45
04:40:46.934 [main] DEBUG io.netty.util.internal.PlatformDependent0 -- java.nio.DirectByteBuffer.<init>(long, {int,long}): unavailable
04:40:46.934 [main] DEBUG io.netty.util.internal.PlatformDependent -- sun.misc.Unsafe: available
04:40:46.935 [main] DEBUG io.netty.util.internal.PlatformDependent -- maxDirectMemory: 4213178368 bytes (maybe)
04:40:46.935 [main] DEBUG io.netty.util.internal.PlatformDependent -- -Dio.netty.tmpdir: C:\Users\aresh\AppData\Local\Temp (java.io.tmpdir)
04:40:46.935 [main] DEBUG io.netty.util.internal.PlatformDependent -- -Dio.netty.bitMode: 64 (sun.arch.data.model)
04:40:46.935 [main] DEBUG io.netty.util.internal.PlatformDependent -- Platform: Windows
04:40:46.936 [main] DEBUG io.netty.util.internal.PlatformDependent -- -Dio.netty.maxDirectMemory: -1 bytes
04:40:46.936 [main] DEBUG io.netty.util.internal.PlatformDependent -- -Dio.netty.uninitializedArrayAllocationThreshold: -1
04:40:46.936 [main] DEBUG io.netty.util.internal.CleanerJava9 -- java.nio.ByteBuffer.cleaner(): available
04:40:46.936 [main] DEBUG io.netty.util.internal.PlatformDependent -- -Dio.netty.noPreferDirect: false
04:40:46.937 [main] DEBUG io.netty.channel.nio.NioEventLoop -- -Dio.netty.noKeySetOptimization: false
04:40:46.937 [main] DEBUG io.netty.channel.nio.NioEventLoop -- -Dio.netty.selectorAutoRebuildThreshold: 512
04:40:46.941 [main] DEBUG io.netty.util.internal.PlatformDependent -- org.jctools-core.MpscChunkedArrayQueue: available
04:40:47.001 [main] DEBUG io.netty.channel.DefaultChannelId -- -Dio.netty.processId: 15344 (auto-detected)
04:40:47.002 [main] DEBUG io.netty.util.NetUtil -- -Djava.net.preferIPv4Stack: false
04:40:47.002 [main] DEBUG io.netty.util.NetUtil -- -Djava.net.preferIPv6Addresses: false
04:40:47.010 [main] DEBUG io.netty.util.NetUtilInitializations -- Loopback interface: lo (Software Loopback Interface 1, 127.0.0.1)
04:40:47.012 [main] DEBUG io.netty.util.NetUtil -- Failed to get SOMAXCONN from sysctl and file \proc\sys\net\core\somaxconn. Default: 200
04:40:47.027 [main] DEBUG io.netty.channel.DefaultChannelId -- -Dio.netty.machineId: f4:3b:d8:ff:fe:86:cb:5d (auto-detected)
04:40:47.035 [main] DEBUG io.netty.util.ResourceLeakDetector -- -Dio.netty.leakDetection.level: simple
04:40:47.035 [main] DEBUG io.netty.util.ResourceLeakDetector -- -Dio.netty.leakDetection.targetRecords: 4
04:40:47.049 [main] DEBUG io.netty.buffer.PooledByteBufAllocator -- -Dio.netty.allocator.numHeapArenas: 32
04:40:47.049 [main] DEBUG io.netty.buffer.PooledByteBufAllocator -- -Dio.netty.allocator.numDirectArenas: 32
04:40:47.049 [main] DEBUG io.netty.buffer.PooledByteBufAllocator -- -Dio.netty.allocator.pageSize: 8192
04:40:47.049 [main] DEBUG io.netty.buffer.PooledByteBufAllocator -- -Dio.netty.allocator.maxOrder: 9
04:40:47.049 [main] DEBUG io.netty.buffer.PooledByteBufAllocator -- -Dio.netty.allocator.chunkSize: 4194304
04:40:47.049 [main] DEBUG io.netty.buffer.PooledByteBufAllocator -- -Dio.netty.allocator.smallCacheSize: 256
04:40:47.049 [main] DEBUG io.netty.buffer.PooledByteBufAllocator -- -Dio.netty.allocator.normalCacheSize: 64
04:40:47.049 [main] DEBUG io.netty.buffer.PooledByteBufAllocator -- -Dio.netty.allocator.maxCachedBufferCapacity: 32768
04:40:47.049 [main] DEBUG io.netty.buffer.PooledByteBufAllocator -- -Dio.netty.allocator.cacheTrimInterval: 8192
04:40:47.049 [main] DEBUG io.netty.buffer.PooledByteBufAllocator -- -Dio.netty.allocator.cacheTrimIntervalMillis: 0
04:40:47.050 [main] DEBUG io.netty.buffer.PooledByteBufAllocator -- -Dio.netty.allocator.useCacheForAllThreads: false
04:40:47.050 [main] DEBUG io.netty.buffer.PooledByteBufAllocator -- -Dio.netty.allocator.maxCachedByteBuffersPerChunk: 1023
04:40:47.056 [main] DEBUG io.netty.buffer.ByteBufUtil -- -Dio.netty.allocator.type: pooled
04:40:47.057 [main] DEBUG io.netty.buffer.ByteBufUtil -- -Dio.netty.threadLocalDirectBufferSize: 0
04:40:47.057 [main] DEBUG io.netty.buffer.ByteBufUtil -- -Dio.netty.maxThreadLocalCharBufferSize: 16384
04:40:47.076 [nioEventLoopGroup-2-1] DEBUG io.netty.buffer.AbstractByteBuf -- -Dio.netty.buffer.checkAccessible: true
04:40:47.076 [nioEventLoopGroup-2-1] DEBUG io.netty.buffer.AbstractByteBuf -- -Dio.netty.buffer.checkBounds: true
04:40:47.077 [nioEventLoopGroup-2-1] DEBUG io.netty.util.ResourceLeakDetectorFactory -- Loaded default ResourceLeakDetector: io.netty.util.ResourceLeakDetector@4f0e3e29
04:40:47.086 [nioEventLoopGroup-2-1] DEBUG io.netty.handler.codec.compression.ZlibCodecFactory -- -Dio.netty.noJdkZlibDecoder: false
04:40:47.086 [nioEventLoopGroup-2-1] DEBUG io.netty.handler.codec.compression.ZlibCodecFactory -- -Dio.netty.noJdkZlibEncoder: false
04:40:47.094 [nioEventLoopGroup-2-1] DEBUG io.netty.handler.codec.http.websocketx.WebSocketClientHandshaker13 -- WebSocket version 13 client handshake key: oo6OFIBGtSc7U4M3D/Zm6A==, expected response: D191JlKq4a4kPKprS376LZIppek=
04:40:47.094 [nioEventLoopGroup-2-1] DEBUG io.netty.util.Recycler -- -Dio.netty.recycler.maxCapacityPerThread: 4096
04:40:47.094 [nioEventLoopGroup-2-1] DEBUG io.netty.util.Recycler -- -Dio.netty.recycler.ratio: 8
04:40:47.094 [nioEventLoopGroup-2-1] DEBUG io.netty.util.Recycler -- -Dio.netty.recycler.chunkSize: 32
04:40:47.094 [nioEventLoopGroup-2-1] DEBUG io.netty.util.Recycler -- -Dio.netty.recycler.blocking: false
04:40:47.094 [nioEventLoopGroup-2-1] DEBUG io.netty.util.Recycler -- -Dio.netty.recycler.batchFastThreadLocalOnly: true
04:40:47.112 [nioEventLoopGroup-2-1] DEBUG com.intuit.karate.http.WebSocketClientHandler -- websocket client connected
04:40:47.112 [main] DEBUG com.jayway.jsonpath.internal.path.CompiledPath -- Evaluating path: $['targetId']
04:40:47.112 [main] DEBUG com.jayway.jsonpath.internal.path.CompiledPath -- Evaluating path: $
04:40:47.112 [main] DEBUG com.jayway.jsonpath.internal.path.CompiledPath -- Evaluating path: $
04:40:47.112 [main] DEBUG com.jayway.jsonpath.internal.JsonContext -- Put path $ key targetId value {}
04:40:47.112 [main] DEBUG com.jayway.jsonpath.internal.path.CompiledPath -- Evaluating path: $
04:40:47.112 [main] DEBUG com.jayway.jsonpath.internal.JsonContext -- Put path $ key targetId value 9D241921528E89004FB174630DFCB267
04:40:47.112 [main] DEBUG com.jayway.jsonpath.internal.path.CompiledPath -- Evaluating path: $['flatten']
04:40:47.112 [main] DEBUG com.jayway.jsonpath.internal.path.CompiledPath -- Evaluating path: $
04:40:47.112 [main] DEBUG com.jayway.jsonpath.internal.path.CompiledPath -- Evaluating path: $
04:40:47.112 [main] DEBUG com.jayway.jsonpath.internal.JsonContext -- Put path $ key flatten value {}
04:40:47.112 [main] DEBUG com.jayway.jsonpath.internal.path.CompiledPath -- Evaluating path: $
04:40:47.112 [main] DEBUG com.jayway.jsonpath.internal.JsonContext -- Put path $ key flatten value true
04:40:47.112 [main] DEBUG com.jayway.jsonpath.internal.path.CompiledPath -- Evaluating path: $
04:40:47.112 [main] DEBUG com.intuit.karate.driver.chrome_1749462046168 -- >> {"id":1,"method":"Target.attachToTarget","params":{"targetId":"9D241921528E89004FB174630DFCB267","flatten":true}}
04:40:47.112 [nioEventLoopGroup-2-1] DEBUG io.netty.handler.codec.compression.JdkZlibEncoder -- -Dio.netty.jdkzlib.encoder.maxInitialOutputBufferSize=65536
04:40:47.112 [nioEventLoopGroup-2-1] DEBUG io.netty.handler.codec.compression.JdkZlibEncoder -- -Dio.netty.jdkzlib.encoder.maxInputBufferSize=65536
04:40:47.133 [nioEventLoopGroup-2-1] DEBUG com.intuit.karate.driver.chrome_1749462046168 -- << {"method":"Target.attachedToTarget","params":{"sessionId":"CBAF0A7F0A2C301D41A185F019AC97CA","targetInfo":{"targetId":"9D241921528E89004FB174630DFCB267","type":"page","title":"New Tab","url":"chrome://newtab/","attached":true,"canAccessOpener":false,"browserContextId":"3D7A293AF7AF34BC5BC097267EF0701B"},"waitingForDebugger":false}}
04:40:47.133 [nioEventLoopGroup-2-1] DEBUG com.jayway.jsonpath.internal.path.CompiledPath -- Evaluating path: $
04:40:47.133 [nioEventLoopGroup-2-1] DEBUG com.jayway.jsonpath.internal.path.CompiledPath -- Evaluating path: $['targetInfo']['type']
04:40:47.133 [nioEventLoopGroup-2-1] DEBUG com.intuit.karate.driver.chrome_1749462046168 -- << {"id":1,"result":{"sessionId":"CBAF0A7F0A2C301D41A185F019AC97CA"}}
04:40:47.133 [nioEventLoopGroup-2-1] DEBUG com.jayway.jsonpath.internal.path.CompiledPath -- Evaluating path: $
04:40:47.133 [main] DEBUG com.jayway.jsonpath.internal.path.CompiledPath -- Evaluating path: $['sessionId']
04:40:47.133 [main] DEBUG com.jayway.jsonpath.internal.path.CompiledPath -- Evaluating path: $['targetId']
04:40:47.133 [main] DEBUG com.jayway.jsonpath.internal.path.CompiledPath -- Evaluating path: $
04:40:47.133 [main] DEBUG com.jayway.jsonpath.internal.path.CompiledPath -- Evaluating path: $
04:40:47.133 [main] DEBUG com.jayway.jsonpath.internal.JsonContext -- Put path $ key targetId value {}
04:40:47.133 [main] DEBUG com.jayway.jsonpath.internal.path.CompiledPath -- Evaluating path: $
04:40:47.133 [main] DEBUG com.jayway.jsonpath.internal.JsonContext -- Put path $ key targetId value 9D241921528E89004FB174630DFCB267
04:40:47.133 [main] DEBUG com.jayway.jsonpath.internal.path.CompiledPath -- Evaluating path: $
04:40:47.133 [main] DEBUG com.intuit.karate.driver.chrome_1749462046168 -- >> {"id":2,"sessionId":"CBAF0A7F0A2C301D41A185F019AC97CA","method":"Target.activateTarget","params":{"targetId":"9D241921528E89004FB174630DFCB267"}}
04:40:47.133 [nioEventLoopGroup-2-1] DEBUG com.intuit.karate.driver.chrome_1749462046168 -- << {"id":2,"result":{},"sessionId":"CBAF0A7F0A2C301D41A185F019AC97CA"}
04:40:47.133 [nioEventLoopGroup-2-1] DEBUG com.jayway.jsonpath.internal.path.CompiledPath -- Evaluating path: $
04:40:47.133 [main] DEBUG com.jayway.jsonpath.internal.path.CompiledPath -- Evaluating path: $['discover']
04:40:47.133 [main] DEBUG com.jayway.jsonpath.internal.path.CompiledPath -- Evaluating path: $
04:40:47.133 [main] DEBUG com.jayway.jsonpath.internal.path.CompiledPath -- Evaluating path: $
04:40:47.133 [main] DEBUG com.jayway.jsonpath.internal.JsonContext -- Put path $ key discover value {}
04:40:47.133 [main] DEBUG com.jayway.jsonpath.internal.path.CompiledPath -- Evaluating path: $
04:40:47.133 [main] DEBUG com.jayway.jsonpath.internal.JsonContext -- Put path $ key discover value true
04:40:47.133 [main] DEBUG com.jayway.jsonpath.internal.path.CompiledPath -- Evaluating path: $
04:40:47.133 [main] DEBUG com.intuit.karate.driver.chrome_1749462046168 -- >> {"id":3,"sessionId":"CBAF0A7F0A2C301D41A185F019AC97CA","method":"Target.setDiscoverTargets","params":{"discover":true}}
04:40:47.133 [nioEventLoopGroup-2-1] DEBUG com.intuit.karate.driver.chrome_1749462046168 -- << {"method":"Target.targetCreated","params":{"targetInfo":{"targetId":"03FE102E852CEB3332F67F867F266753","type":"iframe","title":"chrome-untrusted://new-tab-page/one-google-bar?paramsencoded=","url":"chrome-untrusted://new-tab-page/one-google-bar?paramsencoded=","attached":false,"canAccessOpener":false,"browserContextId":"3D7A293AF7AF34BC5BC097267EF0701B"}},"sessionId":"CBAF0A7F0A2C301D41A185F019AC97CA"}
04:40:47.133 [nioEventLoopGroup-2-1] DEBUG com.jayway.jsonpath.internal.path.CompiledPath -- Evaluating path: $
04:40:47.133 [nioEventLoopGroup-2-1] DEBUG com.intuit.karate.driver.chrome_1749462046168 -- << {"method":"Target.targetCreated","params":{"targetInfo":{"targetId":"555C71889AA58958116A0EC14993A5F7","type":"background_page","title":"Google Hangouts","url":"chrome-extension://nkeimhogjdpnpccoofpliimaahmaaome/background.html","attached":false,"canAccessOpener":false,"browserContextId":"3D7A293AF7AF34BC5BC097267EF0701B"}},"sessionId":"CBAF0A7F0A2C301D41A185F019AC97CA"}
04:40:47.133 [nioEventLoopGroup-2-1] DEBUG com.jayway.jsonpath.internal.path.CompiledPath -- Evaluating path: $
04:40:47.133 [nioEventLoopGroup-2-1] DEBUG com.intuit.karate.driver.chrome_1749462046168 -- << {"method":"Target.targetCreated","params":{"targetInfo":{"targetId":"7286DDFD93067ACFCFDC8D0819A2D067","type":"background_page","title":"Google Network Speech","url":"chrome-extension://neajdppkdcdipfabeoofebfddakdcjhd/_generated_background_page.html","attached":false,"canAccessOpener":false,"browserContextId":"3D7A293AF7AF34BC5BC097267EF0701B"}},"sessionId":"CBAF0A7F0A2C301D41A185F019AC97CA"}
04:40:47.133 [nioEventLoopGroup-2-1] DEBUG com.jayway.jsonpath.internal.path.CompiledPath -- Evaluating path: $
04:40:47.133 [nioEventLoopGroup-2-1] DEBUG com.intuit.karate.driver.chrome_1749462046168 -- << {"method":"Target.targetCreated","params":{"targetInfo":{"targetId":"9D241921528E89004FB174630DFCB267","type":"page","title":"New Tab","url":"chrome://newtab/","attached":true,"canAccessOpener":false,"browserContextId":"3D7A293AF7AF34BC5BC097267EF0701B"}},"sessionId":"CBAF0A7F0A2C301D41A185F019AC97CA"}
04:40:47.133 [nioEventLoopGroup-2-1] DEBUG com.jayway.jsonpath.internal.path.CompiledPath -- Evaluating path: $
04:40:47.133 [nioEventLoopGroup-2-1] DEBUG com.intuit.karate.driver.chrome_1749462046168 -- << {"id":3,"result":{},"sessionId":"CBAF0A7F0A2C301D41A185F019AC97CA"}
04:40:47.133 [nioEventLoopGroup-2-1] DEBUG com.jayway.jsonpath.internal.path.CompiledPath -- Evaluating path: $
04:40:47.133 [main] DEBUG com.intuit.karate.driver.chrome_1749462046168 -- >> {"id":4,"sessionId":"CBAF0A7F0A2C301D41A185F019AC97CA","method":"Page.enable"}
04:40:47.133 [nioEventLoopGroup-2-1] DEBUG com.intuit.karate.driver.chrome_1749462046168 -- << {"id":4,"result":{},"sessionId":"CBAF0A7F0A2C301D41A185F019AC97CA"}
04:40:47.133 [nioEventLoopGroup-2-1] DEBUG com.jayway.jsonpath.internal.path.CompiledPath -- Evaluating path: $
04:40:47.133 [main] DEBUG com.intuit.karate.driver.chrome_1749462046168 -- >> {"id":5,"sessionId":"CBAF0A7F0A2C301D41A185F019AC97CA","method":"Runtime.enable"}
04:40:47.133 [nioEventLoopGroup-2-1] DEBUG com.intuit.karate.driver.chrome_1749462046168 -- << {"method":"Runtime.executionContextCreated","params":{"context":{"id":2,"origin":"chrome://new-tab-page","name":"","uniqueId":"4320232847662425537.2843684795519553081","auxData":{"isDefault":true,"type":"default","frameId":"C8A97782FF1F4C046A8E99725777BDEC"}}},"sessionId":"CBAF0A7F0A2C301D41A185F019AC97CA"}
04:40:47.133 [nioEventLoopGroup-2-1] DEBUG com.jayway.jsonpath.internal.path.CompiledPath -- Evaluating path: $
04:40:47.133 [nioEventLoopGroup-2-1] DEBUG com.jayway.jsonpath.internal.path.CompiledPath -- Evaluating path: $['context']['auxData']['frameId']
04:40:47.133 [nioEventLoopGroup-2-1] DEBUG com.jayway.jsonpath.internal.path.CompiledPath -- Evaluating path: $['context']['id']
04:40:47.133 [nioEventLoopGroup-2-1] DEBUG com.intuit.karate.driver.chrome_1749462046168 -- << {"method":"Runtime.executionContextCreated","params":{"context":{"id":1,"origin":"chrome://new-tab-page","name":"","uniqueId":"-5350558723857643725.7284244803548318221","auxData":{"isDefault":true,"type":"default","frameId":"9D241921528E89004FB174630DFCB267"}}},"sessionId":"CBAF0A7F0A2C301D41A185F019AC97CA"}
04:40:47.133 [nioEventLoopGroup-2-1] DEBUG com.jayway.jsonpath.internal.path.CompiledPath -- Evaluating path: $
04:40:47.133 [nioEventLoopGroup-2-1] DEBUG com.jayway.jsonpath.internal.path.CompiledPath -- Evaluating path: $['context']['auxData']['frameId']
04:40:47.133 [nioEventLoopGroup-2-1] DEBUG com.jayway.jsonpath.internal.path.CompiledPath -- Evaluating path: $['context']['id']
04:40:47.133 [nioEventLoopGroup-2-1] DEBUG com.intuit.karate.driver.chrome_1749462046168 -- << {"id":5,"result":{},"sessionId":"CBAF0A7F0A2C301D41A185F019AC97CA"}
04:40:47.133 [nioEventLoopGroup-2-1] DEBUG com.jayway.jsonpath.internal.path.CompiledPath -- Evaluating path: $
04:40:47.133 [main] DEBUG com.jayway.jsonpath.internal.path.CompiledPath -- Evaluating path: $['targetId']
04:40:47.133 [main] DEBUG com.jayway.jsonpath.internal.path.CompiledPath -- Evaluating path: $
04:40:47.133 [main] DEBUG com.jayway.jsonpath.internal.path.CompiledPath -- Evaluating path: $
04:40:47.133 [main] DEBUG com.jayway.jsonpath.internal.JsonContext -- Put path $ key targetId value {}
04:40:47.133 [main] DEBUG com.jayway.jsonpath.internal.path.CompiledPath -- Evaluating path: $
04:40:47.133 [main] DEBUG com.jayway.jsonpath.internal.JsonContext -- Put path $ key targetId value 9D241921528E89004FB174630DFCB267
04:40:47.133 [main] DEBUG com.jayway.jsonpath.internal.path.CompiledPath -- Evaluating path: $
04:40:47.133 [main] DEBUG com.intuit.karate.driver.chrome_1749462046168 -- >> {"id":6,"sessionId":"CBAF0A7F0A2C301D41A185F019AC97CA","method":"Browser.getWindowForTarget","params":{"targetId":"9D241921528E89004FB174630DFCB267"}}
04:40:47.133 [nioEventLoopGroup-2-1] DEBUG com.intuit.karate.driver.chrome_1749462046168 -- << {"id":6,"result":{"windowId":881026182,"bounds":{"left":10,"top":10,"width":1050,"height":652,"windowState":"normal"}},"sessionId":"CBAF0A7F0A2C301D41A185F019AC97CA"}
04:40:47.133 [nioEventLoopGroup-2-1] DEBUG com.jayway.jsonpath.internal.path.CompiledPath -- Evaluating path: $
04:40:47.233 [main] DEBUG com.jayway.jsonpath.internal.path.CompiledPath -- Evaluating path: $['url']
04:40:47.233 [main] DEBUG com.jayway.jsonpath.internal.path.CompiledPath -- Evaluating path: $
04:40:47.233 [main] DEBUG com.jayway.jsonpath.internal.path.CompiledPath -- Evaluating path: $
04:40:47.233 [main] DEBUG com.jayway.jsonpath.internal.JsonContext -- Put path $ key url value {}
04:40:47.233 [main] DEBUG com.jayway.jsonpath.internal.path.CompiledPath -- Evaluating path: $
04:40:47.233 [main] DEBUG com.jayway.jsonpath.internal.JsonContext -- Put path $ key url value http://localhost:8080
04:40:47.233 [main] DEBUG com.jayway.jsonpath.internal.path.CompiledPath -- Evaluating path: $
04:40:47.233 [main] DEBUG com.intuit.karate.driver.chrome_1749462046168 -- >> {"id":7,"sessionId":"CBAF0A7F0A2C301D41A185F019AC97CA","method":"Page.navigate","params":{"url":"http:\/\/localhost:8080"}}
04:40:47.238 [nioEventLoopGroup-2-1] DEBUG com.intuit.karate.driver.chrome_1749462046168 -- << {"method":"Page.frameStartedNavigating","params":{"frameId":"9D241921528E89004FB174630DFCB267","url":"http://localhost:8080/","loaderId":"F0C9E12653D29A09F37B2BB6F7AE3E14","navigationType":"differentDocument"},"sessionId":"CBAF0A7F0A2C301D41A185F019AC97CA"}
04:40:47.238 [nioEventLoopGroup-2-1] DEBUG com.jayway.jsonpath.internal.path.CompiledPath -- Evaluating path: $
04:40:47.239 [nioEventLoopGroup-2-1] DEBUG com.intuit.karate.driver.chrome_1749462046168 -- << {"method":"Page.frameStartedLoading","params":{"frameId":"9D241921528E89004FB174630DFCB267"},"sessionId":"CBAF0A7F0A2C301D41A185F019AC97CA"}
04:40:47.239 [nioEventLoopGroup-2-1] DEBUG com.jayway.jsonpath.internal.path.CompiledPath -- Evaluating path: $
04:40:47.239 [nioEventLoopGroup-2-1] DEBUG com.jayway.jsonpath.internal.path.CompiledPath -- Evaluating path: $['frameId']
04:40:47.245 [nioEventLoopGroup-2-1] DEBUG com.intuit.karate.driver.chrome_1749462046168 -- << {"id":7,"result":{"frameId":"9D241921528E89004FB174630DFCB267","loaderId":"F0C9E12653D29A09F37B2BB6F7AE3E14"},"sessionId":"CBAF0A7F0A2C301D41A185F019AC97CA"}
04:40:47.245 [nioEventLoopGroup-2-1] DEBUG com.jayway.jsonpath.internal.path.CompiledPath -- Evaluating path: $
04:40:47.246 [nioEventLoopGroup-2-1] DEBUG com.intuit.karate.driver.chrome_1749462046168 -- << {"method":"Runtime.executionContextsCleared","params":{},"sessionId":"CBAF0A7F0A2C301D41A185F019AC97CA"}
04:40:47.246 [nioEventLoopGroup-2-1] DEBUG com.jayway.jsonpath.internal.path.CompiledPath -- Evaluating path: $
04:40:47.248 [nioEventLoopGroup-2-1] DEBUG com.intuit.karate.driver.chrome_1749462046168 -- << {"method":"Runtime.executionContextsCleared","params":{},"sessionId":"CBAF0A7F0A2C301D41A185F019AC97CA"}
04:40:47.248 [nioEventLoopGroup-2-1] DEBUG com.jayway.jsonpath.internal.path.CompiledPath -- Evaluating path: $
04:40:47.252 [nioEventLoopGroup-2-1] DEBUG com.intuit.karate.driver.chrome_1749462046168 -- << {"method":"Page.frameNavigated","params":{"frame":{"id":"9D241921528E89004FB174630DFCB267","loaderId":"F0C9E12653D29A09F37B2BB6F7AE3E14","url":"http://localhost:8080/","domainAndRegistry":"","securityOrigin":"http://localhost:8080","securityOriginDetails":{"isLocalhost":true},"mimeType":"text/html","adFrameStatus":{"adFrameType":"none"},"secureContextType":"SecureLocalhost","crossOriginIsolatedContextType":"NotIsolated","gatedAPIFeatures":[]},"type":"Navigation"},"sessionId":"CBAF0A7F0A2C301D41A185F019AC97CA"}
04:40:47.253 [nioEventLoopGroup-2-1] DEBUG com.jayway.jsonpath.internal.path.CompiledPath -- Evaluating path: $
04:40:47.253 [nioEventLoopGroup-2-1] DEBUG com.jayway.jsonpath.internal.path.CompiledPath -- Evaluating path: $['frame']['id']
04:40:47.253 [nioEventLoopGroup-2-1] DEBUG com.jayway.jsonpath.internal.path.CompiledPath -- Evaluating path: $['frame']['url']
04:40:47.254 [nioEventLoopGroup-2-1] DEBUG com.jayway.jsonpath.internal.path.CompiledPath -- Evaluating path: $['frame']['name']
04:40:47.257 [nioEventLoopGroup-2-1] DEBUG com.intuit.karate.driver.chrome_1749462046168 -- << {"method":"Target.targetInfoChanged","params":{"targetInfo":{"targetId":"9D241921528E89004FB174630DFCB267","type":"page","title":"localhost:8080","url":"http://localhost:8080/","attached":true,"canAccessOpener":false,"browserContextId":"3D7A293AF7AF34BC5BC097267EF0701B"}},"sessionId":"CBAF0A7F0A2C301D41A185F019AC97CA"}
04:40:47.258 [nioEventLoopGroup-2-1] DEBUG com.jayway.jsonpath.internal.path.CompiledPath -- Evaluating path: $
04:40:47.258 [nioEventLoopGroup-2-1] DEBUG com.jayway.jsonpath.internal.path.CompiledPath -- Evaluating path: $['targetInfo']['targetId']
04:40:47.261 [nioEventLoopGroup-2-1] DEBUG com.intuit.karate.driver.chrome_1749462046168 -- << {"method":"Runtime.executionContextCreated","params":{"context":{"id":1,"origin":"http://localhost:8080","name":"","uniqueId":"-3865089731363549942.8493468206247329209","auxData":{"isDefault":true,"type":"default","frameId":"9D241921528E89004FB174630DFCB267"}}},"sessionId":"CBAF0A7F0A2C301D41A185F019AC97CA"}
04:40:47.261 [nioEventLoopGroup-2-1] DEBUG com.jayway.jsonpath.internal.path.CompiledPath -- Evaluating path: $
04:40:47.261 [nioEventLoopGroup-2-1] DEBUG com.jayway.jsonpath.internal.path.CompiledPath -- Evaluating path: $['context']['auxData']['frameId']
04:40:47.261 [nioEventLoopGroup-2-1] DEBUG com.jayway.jsonpath.internal.path.CompiledPath -- Evaluating path: $['context']['id']
04:40:47.262 [nioEventLoopGroup-2-1] DEBUG com.intuit.karate.driver.chrome_1749462046168 -- << {"method":"Page.domContentEventFired","params":{"timestamp":3757530.70632},"sessionId":"CBAF0A7F0A2C301D41A185F019AC97CA"}
04:40:47.263 [nioEventLoopGroup-2-1] DEBUG com.jayway.jsonpath.internal.path.CompiledPath -- Evaluating path: $
04:40:47.266 [nioEventLoopGroup-2-1] DEBUG com.intuit.karate.driver.chrome_1749462046168 -- << {"method":"Page.frameDetached","params":{"frameId":"03FE102E852CEB3332F67F867F266753","reason":"remove"},"sessionId":"CBAF0A7F0A2C301D41A185F019AC97CA"}
04:40:47.266 [nioEventLoopGroup-2-1] DEBUG com.jayway.jsonpath.internal.path.CompiledPath -- Evaluating path: $
04:40:47.266 [nioEventLoopGroup-2-1] DEBUG com.intuit.karate.driver.chrome_1749462046168 -- << {"method":"Target.targetDestroyed","params":{"targetId":"03FE102E852CEB3332F67F867F266753"},"sessionId":"CBAF0A7F0A2C301D41A185F019AC97CA"}
04:40:47.266 [nioEventLoopGroup-2-1] DEBUG com.jayway.jsonpath.internal.path.CompiledPath -- Evaluating path: $
04:40:47.318 [main] DEBUG com.jayway.jsonpath.internal.path.CompiledPath -- Evaluating path: $['expression']
04:40:47.318 [main] DEBUG com.jayway.jsonpath.internal.path.CompiledPath -- Evaluating path: $
04:40:47.318 [main] DEBUG com.jayway.jsonpath.internal.path.CompiledPath -- Evaluating path: $
04:40:47.318 [main] DEBUG com.jayway.jsonpath.internal.JsonContext -- Put path $ key expression value {}
04:40:47.318 [main] DEBUG com.jayway.jsonpath.internal.path.CompiledPath -- Evaluating path: $
04:40:47.318 [main] DEBUG com.jayway.jsonpath.internal.JsonContext -- Put path $ key expression value (document.querySelector("#home-description") != null)
04:40:47.318 [main] DEBUG com.jayway.jsonpath.internal.path.CompiledPath -- Evaluating path: $['returnByValue']
04:40:47.318 [main] DEBUG com.jayway.jsonpath.internal.path.CompiledPath -- Evaluating path: $
04:40:47.318 [main] DEBUG com.jayway.jsonpath.internal.path.CompiledPath -- Evaluating path: $
04:40:47.319 [main] DEBUG com.jayway.jsonpath.internal.JsonContext -- Put path $ key returnByValue value {}
04:40:47.319 [main] DEBUG com.jayway.jsonpath.internal.path.CompiledPath -- Evaluating path: $
04:40:47.319 [main] DEBUG com.jayway.jsonpath.internal.JsonContext -- Put path $ key returnByValue value true
04:40:47.319 [main] DEBUG com.jayway.jsonpath.internal.path.CompiledPath -- Evaluating path: $
04:40:47.319 [main] DEBUG com.intuit.karate.driver.chrome_1749462046168 -- >> {"id":8,"sessionId":"CBAF0A7F0A2C301D41A185F019AC97CA","method":"Runtime.evaluate","params":{"expression":"(document.querySelector(\"#home-description\") != null)","returnByValue":true}}
04:40:47.320 [nioEventLoopGroup-2-1] DEBUG com.intuit.karate.driver.chrome_1749462046168 -- << {"id":8,"result":{"result":{"type":"boolean","value":true}},"sessionId":"CBAF0A7F0A2C301D41A185F019AC97CA"}
04:40:47.320 [nioEventLoopGroup-2-1] DEBUG com.jayway.jsonpath.internal.path.CompiledPath -- Evaluating path: $
04:40:47.328 [main] DEBUG com.jayway.jsonpath.internal.path.CompiledPath -- Evaluating path: $['expression']
04:40:47.328 [main] DEBUG com.jayway.jsonpath.internal.path.CompiledPath -- Evaluating path: $
04:40:47.329 [main] DEBUG com.jayway.jsonpath.internal.path.CompiledPath -- Evaluating path: $
04:40:47.329 [main] DEBUG com.jayway.jsonpath.internal.JsonContext -- Put path $ key expression value {}
04:40:47.329 [main] DEBUG com.jayway.jsonpath.internal.path.CompiledPath -- Evaluating path: $
04:40:47.329 [main] DEBUG com.jayway.jsonpath.internal.JsonContext -- Put path $ key expression value document.querySelector("h1")['textContent']
04:40:47.329 [main] DEBUG com.jayway.jsonpath.internal.path.CompiledPath -- Evaluating path: $['returnByValue']
04:40:47.329 [main] DEBUG com.jayway.jsonpath.internal.path.CompiledPath -- Evaluating path: $
04:40:47.329 [main] DEBUG com.jayway.jsonpath.internal.path.CompiledPath -- Evaluating path: $
04:40:47.329 [main] DEBUG com.jayway.jsonpath.internal.JsonContext -- Put path $ key returnByValue value {}
04:40:47.329 [main] DEBUG com.jayway.jsonpath.internal.path.CompiledPath -- Evaluating path: $
04:40:47.329 [main] DEBUG com.jayway.jsonpath.internal.JsonContext -- Put path $ key returnByValue value true
04:40:47.329 [main] DEBUG com.jayway.jsonpath.internal.path.CompiledPath -- Evaluating path: $
04:40:47.329 [main] DEBUG com.intuit.karate.driver.chrome_1749462046168 -- >> {"id":9,"sessionId":"CBAF0A7F0A2C301D41A185F019AC97CA","method":"Runtime.evaluate","params":{"expression":"document.querySelector(\"h1\")['textContent']","returnByValue":true}}
04:40:47.330 [nioEventLoopGroup-2-1] DEBUG com.intuit.karate.driver.chrome_1749462046168 -- << {"id":9,"result":{"result":{"type":"string","value":"Welcome to Doc Services Home Page"}},"sessionId":"CBAF0A7F0A2C301D41A185F019AC97CA"}
04:40:47.331 [nioEventLoopGroup-2-1] DEBUG com.jayway.jsonpath.internal.path.CompiledPath -- Evaluating path: $
04:40:47.336 [main] DEBUG com.jayway.jsonpath.internal.path.CompiledPath -- Evaluating path: $['expression']
04:40:47.336 [main] DEBUG com.jayway.jsonpath.internal.path.CompiledPath -- Evaluating path: $
04:40:47.336 [main] DEBUG com.jayway.jsonpath.internal.path.CompiledPath -- Evaluating path: $
04:40:47.336 [main] DEBUG com.jayway.jsonpath.internal.JsonContext -- Put path $ key expression value {}
04:40:47.336 [main] DEBUG com.jayway.jsonpath.internal.path.CompiledPath -- Evaluating path: $
04:40:47.336 [main] DEBUG com.jayway.jsonpath.internal.JsonContext -- Put path $ key expression value document.querySelector("#home-description")['textContent']
04:40:47.336 [main] DEBUG com.jayway.jsonpath.internal.path.CompiledPath -- Evaluating path: $['returnByValue']
04:40:47.336 [main] DEBUG com.jayway.jsonpath.internal.path.CompiledPath -- Evaluating path: $
04:40:47.336 [main] DEBUG com.jayway.jsonpath.internal.path.CompiledPath -- Evaluating path: $
04:40:47.336 [main] DEBUG com.jayway.jsonpath.internal.JsonContext -- Put path $ key returnByValue value {}
04:40:47.336 [main] DEBUG com.jayway.jsonpath.internal.path.CompiledPath -- Evaluating path: $
04:40:47.336 [main] DEBUG com.jayway.jsonpath.internal.JsonContext -- Put path $ key returnByValue value true
04:40:47.336 [main] DEBUG com.jayway.jsonpath.internal.path.CompiledPath -- Evaluating path: $
04:40:47.336 [main] DEBUG com.intuit.karate.driver.chrome_1749462046168 -- >> {"id":10,"sessionId":"CBAF0A7F0A2C301D41A185F019AC97CA","method":"Runtime.evaluate","params":{"expression":"document.querySelector(\"#home-description\")['textContent']","returnByValue":true}}
04:40:47.349 [nioEventLoopGroup-2-1] DEBUG com.intuit.karate.driver.chrome_1749462046168 -- << {"method":"Page.loadEventFired","params":{"timestamp":3757530.78702},"sessionId":"CBAF0A7F0A2C301D41A185F019AC97CA"}
04:40:47.350 [nioEventLoopGroup-2-1] DEBUG com.jayway.jsonpath.internal.path.CompiledPath -- Evaluating path: $
04:40:47.350 [nioEventLoopGroup-2-1] DEBUG com.intuit.karate.driver.chrome_1749462046168 -- << {"method":"Page.frameStoppedLoading","params":{"frameId":"9D241921528E89004FB174630DFCB267"},"sessionId":"CBAF0A7F0A2C301D41A185F019AC97CA"}
04:40:47.351 [nioEventLoopGroup-2-1] DEBUG com.jayway.jsonpath.internal.path.CompiledPath -- Evaluating path: $
04:40:47.351 [nioEventLoopGroup-2-1] DEBUG com.jayway.jsonpath.internal.path.CompiledPath -- Evaluating path: $['frameId']
04:40:47.351 [nioEventLoopGroup-2-1] DEBUG com.intuit.karate.driver.chrome_1749462046168 -- << {"id":10,"result":{"result":{"type":"string","value":"This is the main landing page of the website."}},"sessionId":"CBAF0A7F0A2C301D41A185F019AC97CA"}
04:40:47.351 [nioEventLoopGroup-2-1] DEBUG com.jayway.jsonpath.internal.path.CompiledPath -- Evaluating path: $
04:40:47.351 [main] DEBUG com.jayway.jsonpath.internal.path.CompiledPath -- Evaluating path: $['expression']
04:40:47.351 [main] DEBUG com.jayway.jsonpath.internal.path.CompiledPath -- Evaluating path: $
04:40:47.351 [main] DEBUG com.jayway.jsonpath.internal.path.CompiledPath -- Evaluating path: $
04:40:47.351 [main] DEBUG com.jayway.jsonpath.internal.JsonContext -- Put path $ key expression value {}
04:40:47.351 [main] DEBUG com.jayway.jsonpath.internal.path.CompiledPath -- Evaluating path: $
04:40:47.351 [main] DEBUG com.jayway.jsonpath.internal.JsonContext -- Put path $ key expression value document.querySelector("a[href='/payment']").click()
04:40:47.351 [main] DEBUG com.jayway.jsonpath.internal.path.CompiledPath -- Evaluating path: $['returnByValue']
04:40:47.351 [main] DEBUG com.jayway.jsonpath.internal.path.CompiledPath -- Evaluating path: $
04:40:47.351 [main] DEBUG com.jayway.jsonpath.internal.path.CompiledPath -- Evaluating path: $
04:40:47.351 [main] DEBUG com.jayway.jsonpath.internal.JsonContext -- Put path $ key returnByValue value {}
04:40:47.351 [main] DEBUG com.jayway.jsonpath.internal.path.CompiledPath -- Evaluating path: $
04:40:47.351 [main] DEBUG com.jayway.jsonpath.internal.JsonContext -- Put path $ key returnByValue value true
04:40:47.351 [main] DEBUG com.jayway.jsonpath.internal.path.CompiledPath -- Evaluating path: $
04:40:47.351 [main] DEBUG com.intuit.karate.driver.chrome_1749462046168 -- >> {"id":11,"sessionId":"CBAF0A7F0A2C301D41A185F019AC97CA","method":"Runtime.evaluate","params":{"expression":"document.querySelector(\"a[href='\/payment']\").click()","returnByValue":true}}
04:40:47.351 [nioEventLoopGroup-2-1] DEBUG com.intuit.karate.driver.chrome_1749462046168 -- << {"method":"Page.frameScheduledNavigation","params":{"frameId":"9D241921528E89004FB174630DFCB267","delay":0,"reason":"anchorClick","url":"http://localhost:8080/payment"},"sessionId":"CBAF0A7F0A2C301D41A185F019AC97CA"}
04:40:47.351 [nioEventLoopGroup-2-1] DEBUG com.jayway.jsonpath.internal.path.CompiledPath -- Evaluating path: $
04:40:47.351 [nioEventLoopGroup-2-1] DEBUG com.intuit.karate.driver.chrome_1749462046168 -- << {"method":"Page.frameRequestedNavigation","params":{"frameId":"9D241921528E89004FB174630DFCB267","reason":"anchorClick","url":"http://localhost:8080/payment","disposition":"currentTab"},"sessionId":"CBAF0A7F0A2C301D41A185F019AC97CA"}
04:40:47.351 [nioEventLoopGroup-2-1] DEBUG com.jayway.jsonpath.internal.path.CompiledPath -- Evaluating path: $
04:40:47.351 [nioEventLoopGroup-2-1] DEBUG com.intuit.karate.driver.chrome_1749462046168 -- << {"method":"Page.frameClearedScheduledNavigation","params":{"frameId":"9D241921528E89004FB174630DFCB267"},"sessionId":"CBAF0A7F0A2C301D41A185F019AC97CA"}
04:40:47.351 [nioEventLoopGroup-2-1] DEBUG com.jayway.jsonpath.internal.path.CompiledPath -- Evaluating path: $
04:40:47.351 [nioEventLoopGroup-2-1] DEBUG com.intuit.karate.driver.chrome_1749462046168 -- << {"id":11,"result":{"result":{"type":"undefined"}},"sessionId":"CBAF0A7F0A2C301D41A185F019AC97CA"}
04:40:47.351 [nioEventLoopGroup-2-1] DEBUG com.jayway.jsonpath.internal.path.CompiledPath -- Evaluating path: $
04:40:47.351 [main] DEBUG com.jayway.jsonpath.internal.path.CompiledPath -- Evaluating path: $['expression']
04:40:47.351 [main] DEBUG com.jayway.jsonpath.internal.path.CompiledPath -- Evaluating path: $
04:40:47.351 [main] DEBUG com.jayway.jsonpath.internal.path.CompiledPath -- Evaluating path: $
04:40:47.351 [main] DEBUG com.jayway.jsonpath.internal.JsonContext -- Put path $ key expression value {}
04:40:47.351 [main] DEBUG com.jayway.jsonpath.internal.path.CompiledPath -- Evaluating path: $
04:40:47.351 [main] DEBUG com.jayway.jsonpath.internal.JsonContext -- Put path $ key expression value (document.querySelector("#payment-description") != null)
04:40:47.351 [main] DEBUG com.jayway.jsonpath.internal.path.CompiledPath -- Evaluating path: $['returnByValue']
04:40:47.351 [main] DEBUG com.jayway.jsonpath.internal.path.CompiledPath -- Evaluating path: $
04:40:47.351 [main] DEBUG com.jayway.jsonpath.internal.path.CompiledPath -- Evaluating path: $
04:40:47.351 [main] DEBUG com.jayway.jsonpath.internal.JsonContext -- Put path $ key returnByValue value {}
04:40:47.351 [main] DEBUG com.jayway.jsonpath.internal.path.CompiledPath -- Evaluating path: $
04:40:47.351 [main] DEBUG com.jayway.jsonpath.internal.JsonContext -- Put path $ key returnByValue value true
04:40:47.351 [main] DEBUG com.jayway.jsonpath.internal.path.CompiledPath -- Evaluating path: $
04:40:47.351 [main] DEBUG com.intuit.karate.driver.chrome_1749462046168 -- >> {"id":12,"sessionId":"CBAF0A7F0A2C301D41A185F019AC97CA","method":"Runtime.evaluate","params":{"expression":"(document.querySelector(\"#payment-description\") != null)","returnByValue":true}}
04:40:47.361 [nioEventLoopGroup-2-1] DEBUG com.intuit.karate.driver.chrome_1749462046168 -- << {"method":"Page.frameStartedNavigating","params":{"frameId":"9D241921528E89004FB174630DFCB267","url":"http://localhost:8080/payment","loaderId":"8D593FDBE337984067BBE2E444194C0F","navigationType":"differentDocument"},"sessionId":"CBAF0A7F0A2C301D41A185F019AC97CA"}
04:40:47.361 [nioEventLoopGroup-2-1] DEBUG com.jayway.jsonpath.internal.path.CompiledPath -- Evaluating path: $
04:40:47.361 [nioEventLoopGroup-2-1] DEBUG com.intuit.karate.driver.chrome_1749462046168 -- << {"method":"Page.frameStartedLoading","params":{"frameId":"9D241921528E89004FB174630DFCB267"},"sessionId":"CBAF0A7F0A2C301D41A185F019AC97CA"}
04:40:47.361 [nioEventLoopGroup-2-1] DEBUG com.jayway.jsonpath.internal.path.CompiledPath -- Evaluating path: $
04:40:47.361 [nioEventLoopGroup-2-1] DEBUG com.jayway.jsonpath.internal.path.CompiledPath -- Evaluating path: $['frameId']
04:40:47.367 [nioEventLoopGroup-2-1] DEBUG com.intuit.karate.driver.chrome_1749462046168 -- << {"method":"Runtime.executionContextsCleared","params":{},"sessionId":"CBAF0A7F0A2C301D41A185F019AC97CA"}
04:40:47.367 [nioEventLoopGroup-2-1] DEBUG com.jayway.jsonpath.internal.path.CompiledPath -- Evaluating path: $
04:40:47.367 [nioEventLoopGroup-2-1] DEBUG com.intuit.karate.driver.chrome_1749462046168 -- << {"method":"Runtime.executionContextsCleared","params":{},"sessionId":"CBAF0A7F0A2C301D41A185F019AC97CA"}
04:40:47.367 [nioEventLoopGroup-2-1] DEBUG com.jayway.jsonpath.internal.path.CompiledPath -- Evaluating path: $
04:40:47.368 [nioEventLoopGroup-2-1] DEBUG com.intuit.karate.driver.chrome_1749462046168 -- << {"method":"Page.frameNavigated","params":{"frame":{"id":"9D241921528E89004FB174630DFCB267","loaderId":"8D593FDBE337984067BBE2E444194C0F","url":"http://localhost:8080/payment","domainAndRegistry":"","securityOrigin":"http://localhost:8080","securityOriginDetails":{"isLocalhost":true},"mimeType":"text/html","adFrameStatus":{"adFrameType":"none"},"secureContextType":"SecureLocalhost","crossOriginIsolatedContextType":"NotIsolated","gatedAPIFeatures":[]},"type":"Navigation"},"sessionId":"CBAF0A7F0A2C301D41A185F019AC97CA"}
04:40:47.368 [nioEventLoopGroup-2-1] DEBUG com.jayway.jsonpath.internal.path.CompiledPath -- Evaluating path: $
04:40:47.368 [nioEventLoopGroup-2-1] DEBUG com.jayway.jsonpath.internal.path.CompiledPath -- Evaluating path: $['frame']['id']
04:40:47.368 [nioEventLoopGroup-2-1] DEBUG com.jayway.jsonpath.internal.path.CompiledPath -- Evaluating path: $['frame']['url']
04:40:47.368 [nioEventLoopGroup-2-1] DEBUG com.jayway.jsonpath.internal.path.CompiledPath -- Evaluating path: $['frame']['name']
04:40:47.370 [nioEventLoopGroup-2-1] DEBUG com.intuit.karate.driver.chrome_1749462046168 -- << {"method":"Target.targetInfoChanged","params":{"targetInfo":{"targetId":"9D241921528E89004FB174630DFCB267","type":"page","title":"localhost:8080/payment","url":"http://localhost:8080/payment","attached":true,"canAccessOpener":false,"browserContextId":"3D7A293AF7AF34BC5BC097267EF0701B"}},"sessionId":"CBAF0A7F0A2C301D41A185F019AC97CA"}
04:40:47.370 [nioEventLoopGroup-2-1] DEBUG com.jayway.jsonpath.internal.path.CompiledPath -- Evaluating path: $
04:40:47.370 [nioEventLoopGroup-2-1] DEBUG com.jayway.jsonpath.internal.path.CompiledPath -- Evaluating path: $['targetInfo']['targetId']
04:40:47.374 [nioEventLoopGroup-2-1] DEBUG com.intuit.karate.driver.chrome_1749462046168 -- << {"method":"Runtime.executionContextCreated","params":{"context":{"id":2,"origin":"http://localhost:8080","name":"","uniqueId":"-9019513261077599334.6654503894326203461","auxData":{"isDefault":true,"type":"default","frameId":"9D241921528E89004FB174630DFCB267"}}},"sessionId":"CBAF0A7F0A2C301D41A185F019AC97CA"}
04:40:47.375 [nioEventLoopGroup-2-1] DEBUG com.jayway.jsonpath.internal.path.CompiledPath -- Evaluating path: $
04:40:47.375 [nioEventLoopGroup-2-1] DEBUG com.jayway.jsonpath.internal.path.CompiledPath -- Evaluating path: $['context']['auxData']['frameId']
04:40:47.375 [nioEventLoopGroup-2-1] DEBUG com.jayway.jsonpath.internal.path.CompiledPath -- Evaluating path: $['context']['id']
04:40:47.375 [nioEventLoopGroup-2-1] DEBUG com.intuit.karate.driver.chrome_1749462046168 -- << {"method":"Page.domContentEventFired","params":{"timestamp":3757530.822773},"sessionId":"CBAF0A7F0A2C301D41A185F019AC97CA"}
04:40:47.375 [nioEventLoopGroup-2-1] DEBUG com.jayway.jsonpath.internal.path.CompiledPath -- Evaluating path: $
04:40:47.376 [nioEventLoopGroup-2-1] DEBUG com.intuit.karate.driver.chrome_1749462046168 -- << {"method":"Page.loadEventFired","params":{"timestamp":3757530.823663},"sessionId":"CBAF0A7F0A2C301D41A185F019AC97CA"}
04:40:47.376 [nioEventLoopGroup-2-1] DEBUG com.jayway.jsonpath.internal.path.CompiledPath -- Evaluating path: $
04:40:47.376 [nioEventLoopGroup-2-1] DEBUG com.intuit.karate.driver.chrome_1749462046168 -- << {"method":"Page.frameStoppedLoading","params":{"frameId":"9D241921528E89004FB174630DFCB267"},"sessionId":"CBAF0A7F0A2C301D41A185F019AC97CA"}
04:40:47.376 [nioEventLoopGroup-2-1] DEBUG com.jayway.jsonpath.internal.path.CompiledPath -- Evaluating path: $
04:40:47.376 [nioEventLoopGroup-2-1] DEBUG com.jayway.jsonpath.internal.path.CompiledPath -- Evaluating path: $['frameId']
04:40:47.376 [nioEventLoopGroup-2-1] DEBUG com.intuit.karate.driver.chrome_1749462046168 -- << {"id":12,"result":{"result":{"type":"boolean","value":true}},"sessionId":"CBAF0A7F0A2C301D41A185F019AC97CA"}
04:40:47.376 [nioEventLoopGroup-2-1] DEBUG com.jayway.jsonpath.internal.path.CompiledPath -- Evaluating path: $
04:40:47.380 [main] DEBUG com.jayway.jsonpath.internal.path.CompiledPath -- Evaluating path: $['expression']
04:40:47.380 [main] DEBUG com.jayway.jsonpath.internal.path.CompiledPath -- Evaluating path: $
04:40:47.380 [main] DEBUG com.jayway.jsonpath.internal.path.CompiledPath -- Evaluating path: $
04:40:47.380 [main] DEBUG com.jayway.jsonpath.internal.JsonContext -- Put path $ key expression value {}
04:40:47.380 [main] DEBUG com.jayway.jsonpath.internal.path.CompiledPath -- Evaluating path: $
04:40:47.380 [main] DEBUG com.jayway.jsonpath.internal.JsonContext -- Put path $ key expression value document.querySelector("#payment-description")['textContent']
04:40:47.380 [main] DEBUG com.jayway.jsonpath.internal.path.CompiledPath -- Evaluating path: $['returnByValue']
04:40:47.380 [main] DEBUG com.jayway.jsonpath.internal.path.CompiledPath -- Evaluating path: $
04:40:47.380 [main] DEBUG com.jayway.jsonpath.internal.path.CompiledPath -- Evaluating path: $
04:40:47.380 [main] DEBUG com.jayway.jsonpath.internal.JsonContext -- Put path $ key returnByValue value {}
04:40:47.380 [main] DEBUG com.jayway.jsonpath.internal.path.CompiledPath -- Evaluating path: $
04:40:47.380 [main] DEBUG com.jayway.jsonpath.internal.JsonContext -- Put path $ key returnByValue value true
04:40:47.380 [main] DEBUG com.jayway.jsonpath.internal.path.CompiledPath -- Evaluating path: $
04:40:47.380 [main] DEBUG com.intuit.karate.driver.chrome_1749462046168 -- >> {"id":13,"sessionId":"CBAF0A7F0A2C301D41A185F019AC97CA","method":"Runtime.evaluate","params":{"expression":"document.querySelector(\"#payment-description\")['textContent']","returnByValue":true}}
04:40:47.383 [nioEventLoopGroup-2-1] DEBUG com.intuit.karate.driver.chrome_1749462046168 -- << {"id":13,"result":{"result":{"type":"string","value":"This is where payment related information will go."}},"sessionId":"CBAF0A7F0A2C301D41A185F019AC97CA"}
04:40:47.383 [nioEventLoopGroup-2-1] DEBUG com.jayway.jsonpath.internal.path.CompiledPath -- Evaluating path: $
04:40:47.384 [main] DEBUG com.jayway.jsonpath.internal.path.CompiledPath -- Evaluating path: $['expression']
04:40:47.384 [main] DEBUG com.jayway.jsonpath.internal.path.CompiledPath -- Evaluating path: $
04:40:47.384 [main] DEBUG com.jayway.jsonpath.internal.path.CompiledPath -- Evaluating path: $
04:40:47.384 [main] DEBUG com.jayway.jsonpath.internal.JsonContext -- Put path $ key expression value {}
04:40:47.384 [main] DEBUG com.jayway.jsonpath.internal.path.CompiledPath -- Evaluating path: $
04:40:47.384 [main] DEBUG com.jayway.jsonpath.internal.JsonContext -- Put path $ key expression value document.querySelector("a[href='/reports']").click()
04:40:47.384 [main] DEBUG com.jayway.jsonpath.internal.path.CompiledPath -- Evaluating path: $['returnByValue']
04:40:47.384 [main] DEBUG com.jayway.jsonpath.internal.path.CompiledPath -- Evaluating path: $
04:40:47.384 [main] DEBUG com.jayway.jsonpath.internal.path.CompiledPath -- Evaluating path: $
04:40:47.384 [main] DEBUG com.jayway.jsonpath.internal.JsonContext -- Put path $ key returnByValue value {}
04:40:47.384 [main] DEBUG com.jayway.jsonpath.internal.path.CompiledPath -- Evaluating path: $
04:40:47.384 [main] DEBUG com.jayway.jsonpath.internal.JsonContext -- Put path $ key returnByValue value true
04:40:47.384 [main] DEBUG com.jayway.jsonpath.internal.path.CompiledPath -- Evaluating path: $
04:40:47.384 [main] DEBUG com.intuit.karate.driver.chrome_1749462046168 -- >> {"id":14,"sessionId":"CBAF0A7F0A2C301D41A185F019AC97CA","method":"Runtime.evaluate","params":{"expression":"document.querySelector(\"a[href='\/reports']\").click()","returnByValue":true}}
04:40:47.385 [nioEventLoopGroup-2-1] DEBUG com.intuit.karate.driver.chrome_1749462046168 -- << {"method":"Page.frameScheduledNavigation","params":{"frameId":"9D241921528E89004FB174630DFCB267","delay":0,"reason":"anchorClick","url":"http://localhost:8080/reports"},"sessionId":"CBAF0A7F0A2C301D41A185F019AC97CA"}
04:40:47.386 [nioEventLoopGroup-2-1] DEBUG com.jayway.jsonpath.internal.path.CompiledPath -- Evaluating path: $
04:40:47.386 [nioEventLoopGroup-2-1] DEBUG com.intuit.karate.driver.chrome_1749462046168 -- << {"method":"Page.frameRequestedNavigation","params":{"frameId":"9D241921528E89004FB174630DFCB267","reason":"anchorClick","url":"http://localhost:8080/reports","disposition":"currentTab"},"sessionId":"CBAF0A7F0A2C301D41A185F019AC97CA"}
04:40:47.386 [nioEventLoopGroup-2-1] DEBUG com.jayway.jsonpath.internal.path.CompiledPath -- Evaluating path: $
04:40:47.386 [nioEventLoopGroup-2-1] DEBUG com.intuit.karate.driver.chrome_1749462046168 -- << {"method":"Page.frameClearedScheduledNavigation","params":{"frameId":"9D241921528E89004FB174630DFCB267"},"sessionId":"CBAF0A7F0A2C301D41A185F019AC97CA"}
04:40:47.386 [nioEventLoopGroup-2-1] DEBUG com.jayway.jsonpath.internal.path.CompiledPath -- Evaluating path: $
04:40:47.386 [nioEventLoopGroup-2-1] DEBUG com.intuit.karate.driver.chrome_1749462046168 -- << {"id":14,"result":{"result":{"type":"undefined"}},"sessionId":"CBAF0A7F0A2C301D41A185F019AC97CA"}
04:40:47.386 [nioEventLoopGroup-2-1] DEBUG com.jayway.jsonpath.internal.path.CompiledPath -- Evaluating path: $
04:40:47.387 [main] DEBUG com.jayway.jsonpath.internal.path.CompiledPath -- Evaluating path: $['expression']
04:40:47.387 [main] DEBUG com.jayway.jsonpath.internal.path.CompiledPath -- Evaluating path: $
04:40:47.387 [main] DEBUG com.jayway.jsonpath.internal.path.CompiledPath -- Evaluating path: $
04:40:47.387 [main] DEBUG com.jayway.jsonpath.internal.JsonContext -- Put path $ key expression value {}
04:40:47.387 [main] DEBUG com.jayway.jsonpath.internal.path.CompiledPath -- Evaluating path: $
04:40:47.387 [main] DEBUG com.jayway.jsonpath.internal.JsonContext -- Put path $ key expression value (document.querySelector("#reports-description") != null)
04:40:47.387 [main] DEBUG com.jayway.jsonpath.internal.path.CompiledPath -- Evaluating path: $['returnByValue']
04:40:47.387 [main] DEBUG com.jayway.jsonpath.internal.path.CompiledPath -- Evaluating path: $
04:40:47.387 [main] DEBUG com.jayway.jsonpath.internal.path.CompiledPath -- Evaluating path: $
04:40:47.387 [main] DEBUG com.jayway.jsonpath.internal.JsonContext -- Put path $ key returnByValue value {}
04:40:47.388 [main] DEBUG com.jayway.jsonpath.internal.path.CompiledPath -- Evaluating path: $
04:40:47.388 [main] DEBUG com.jayway.jsonpath.internal.JsonContext -- Put path $ key returnByValue value true
04:40:47.388 [main] DEBUG com.jayway.jsonpath.internal.path.CompiledPath -- Evaluating path: $
04:40:47.388 [main] DEBUG com.intuit.karate.driver.chrome_1749462046168 -- >> {"id":15,"sessionId":"CBAF0A7F0A2C301D41A185F019AC97CA","method":"Runtime.evaluate","params":{"expression":"(document.querySelector(\"#reports-description\") != null)","returnByValue":true}}
04:40:47.389 [nioEventLoopGroup-2-1] DEBUG com.intuit.karate.driver.chrome_1749462046168 -- << {"method":"Page.frameStartedNavigating","params":{"frameId":"9D241921528E89004FB174630DFCB267","url":"http://localhost:8080/reports","loaderId":"C22C215915AEFDE54835DC1339A5DE20","navigationType":"differentDocument"},"sessionId":"CBAF0A7F0A2C301D41A185F019AC97CA"}
04:40:47.390 [nioEventLoopGroup-2-1] DEBUG com.jayway.jsonpath.internal.path.CompiledPath -- Evaluating path: $
04:40:47.390 [nioEventLoopGroup-2-1] DEBUG com.intuit.karate.driver.chrome_1749462046168 -- << {"method":"Page.frameStartedLoading","params":{"frameId":"9D241921528E89004FB174630DFCB267"},"sessionId":"CBAF0A7F0A2C301D41A185F019AC97CA"}
04:40:47.390 [nioEventLoopGroup-2-1] DEBUG com.jayway.jsonpath.internal.path.CompiledPath -- Evaluating path: $
04:40:47.390 [nioEventLoopGroup-2-1] DEBUG com.jayway.jsonpath.internal.path.CompiledPath -- Evaluating path: $['frameId']
04:40:47.399 [nioEventLoopGroup-2-1] DEBUG com.intuit.karate.driver.chrome_1749462046168 -- << {"method":"Runtime.executionContextsCleared","params":{},"sessionId":"CBAF0A7F0A2C301D41A185F019AC97CA"}
04:40:47.400 [nioEventLoopGroup-2-1] DEBUG com.jayway.jsonpath.internal.path.CompiledPath -- Evaluating path: $
04:40:47.400 [nioEventLoopGroup-2-1] DEBUG com.intuit.karate.driver.chrome_1749462046168 -- << {"method":"Runtime.executionContextsCleared","params":{},"sessionId":"CBAF0A7F0A2C301D41A185F019AC97CA"}
04:40:47.400 [nioEventLoopGroup-2-1] DEBUG com.jayway.jsonpath.internal.path.CompiledPath -- Evaluating path: $
04:40:47.402 [nioEventLoopGroup-2-1] DEBUG com.intuit.karate.driver.chrome_1749462046168 -- << {"method":"Page.frameNavigated","params":{"frame":{"id":"9D241921528E89004FB174630DFCB267","loaderId":"C22C215915AEFDE54835DC1339A5DE20","url":"http://localhost:8080/reports","domainAndRegistry":"","securityOrigin":"http://localhost:8080","securityOriginDetails":{"isLocalhost":true},"mimeType":"text/html","adFrameStatus":{"adFrameType":"none"},"secureContextType":"SecureLocalhost","crossOriginIsolatedContextType":"NotIsolated","gatedAPIFeatures":[]},"type":"Navigation"},"sessionId":"CBAF0A7F0A2C301D41A185F019AC97CA"}
04:40:47.402 [nioEventLoopGroup-2-1] DEBUG com.jayway.jsonpath.internal.path.CompiledPath -- Evaluating path: $
04:40:47.402 [nioEventLoopGroup-2-1] DEBUG com.jayway.jsonpath.internal.path.CompiledPath -- Evaluating path: $['frame']['id']
04:40:47.402 [nioEventLoopGroup-2-1] DEBUG com.jayway.jsonpath.internal.path.CompiledPath -- Evaluating path: $['frame']['url']
04:40:47.402 [nioEventLoopGroup-2-1] DEBUG com.jayway.jsonpath.internal.path.CompiledPath -- Evaluating path: $['frame']['name']
04:40:47.404 [nioEventLoopGroup-2-1] DEBUG com.intuit.karate.driver.chrome_1749462046168 -- << {"method":"Target.targetInfoChanged","params":{"targetInfo":{"targetId":"9D241921528E89004FB174630DFCB267","type":"page","title":"localhost:8080/reports","url":"http://localhost:8080/reports","attached":true,"canAccessOpener":false,"browserContextId":"3D7A293AF7AF34BC5BC097267EF0701B"}},"sessionId":"CBAF0A7F0A2C301D41A185F019AC97CA"}
04:40:47.404 [nioEventLoopGroup-2-1] DEBUG com.jayway.jsonpath.internal.path.CompiledPath -- Evaluating path: $
04:40:47.404 [nioEventLoopGroup-2-1] DEBUG com.jayway.jsonpath.internal.path.CompiledPath -- Evaluating path: $['targetInfo']['targetId']
04:40:47.411 [nioEventLoopGroup-2-1] DEBUG com.intuit.karate.driver.chrome_1749462046168 -- << {"method":"Runtime.executionContextCreated","params":{"context":{"id":3,"origin":"http://localhost:8080","name":"","uniqueId":"490312105341889518.-3311962559017352896","auxData":{"isDefault":true,"type":"default","frameId":"9D241921528E89004FB174630DFCB267"}}},"sessionId":"CBAF0A7F0A2C301D41A185F019AC97CA"}
04:40:47.411 [nioEventLoopGroup-2-1] DEBUG com.jayway.jsonpath.internal.path.CompiledPath -- Evaluating path: $
04:40:47.411 [nioEventLoopGroup-2-1] DEBUG com.jayway.jsonpath.internal.path.CompiledPath -- Evaluating path: $['context']['auxData']['frameId']
04:40:47.411 [nioEventLoopGroup-2-1] DEBUG com.jayway.jsonpath.internal.path.CompiledPath -- Evaluating path: $['context']['id']
04:40:47.412 [nioEventLoopGroup-2-1] DEBUG com.intuit.karate.driver.chrome_1749462046168 -- << {"method":"Page.domContentEventFired","params":{"timestamp":3757530.856599},"sessionId":"CBAF0A7F0A2C301D41A185F019AC97CA"}
04:40:47.412 [nioEventLoopGroup-2-1] DEBUG com.jayway.jsonpath.internal.path.CompiledPath -- Evaluating path: $
04:40:47.413 [nioEventLoopGroup-2-1] DEBUG com.intuit.karate.driver.chrome_1749462046168 -- << {"method":"Page.loadEventFired","params":{"timestamp":3757530.857597},"sessionId":"CBAF0A7F0A2C301D41A185F019AC97CA"}
04:40:47.413 [nioEventLoopGroup-2-1] DEBUG com.jayway.jsonpath.internal.path.CompiledPath -- Evaluating path: $
[...]
[THYMELEAF]             * [* {th:align,data-th-align}] [1000]: org.thymeleaf.standard.processor.StandardRemovableAttributeTagProcessor
[THYMELEAF]             * [* {th:wrap,data-th-wrap}] [1000]: org.thymeleaf.standard.processor.StandardRemovableAttributeTagProcessor
[THYMELEAF]             * [* {th:target,data-th-target}] [1000]: org.thymeleaf.standard.processor.StandardRemovableAttributeTagProcessor
[THYMELEAF]             * [* {th:dropzone,data-th-dropzone}] [1000]: org.thymeleaf.standard.processor.StandardRemovableAttributeTagProcessor
[THYMELEAF]             * [* {th:optimum,data-th-optimum}] [1000]: org.thymeleaf.standard.processor.StandardRemovableAttributeTagProcessor
[THYMELEAF]             * [* {th:accept,data-th-accept}] [1000]: org.thymeleaf.standard.processor.StandardRemovableAttributeTagProcessor
[THYMELEAF]             * [* {th:archive,data-th-archive}] [1000]: org.thymeleaf.standard.processor.StandardRemovableAttributeTagProcessor
[THYMELEAF]             * [* {th:abbr,data-th-abbr}] [1000]: org.thymeleaf.standard.processor.StandardRemovableAttributeTagProcessor
[THYMELEAF]             * [* {th:challenge,data-th-challenge}] [1000]: org.thymeleaf.standard.processor.StandardRemovableAttributeTagProcessor
[THYMELEAF]             * [* {th:accesskey,data-th-accesskey}] [1000]: org.thymeleaf.standard.processor.StandardRemovableAttributeTagProcessor
[THYMELEAF]             * [* {th:title,data-th-title}] [1000]: org.thymeleaf.standard.processor.StandardRemovableAttributeTagProcessor
[THYMELEAF]             * [* {th:cellspacing,data-th-cellspacing}] [1000]: org.thymeleaf.standard.processor.StandardRemovableAttributeTagProcessor
[THYMELEAF]             * [* {th:border,data-th-border}] [1000]: org.thymeleaf.standard.processor.StandardRemovableAttributeTagProcessor
[THYMELEAF]             * [* {th:label,data-th-label}] [1000]: org.thymeleaf.standard.processor.StandardRemovableAttributeTagProcessor
[THYMELEAF]             * [* {th:rows,data-th-rows}] [1000]: org.thymeleaf.standard.processor.StandardRemovableAttributeTagProcessor
[THYMELEAF]             * [* {th:colspan,data-th-colspan}] [1000]: org.thymeleaf.standard.processor.StandardRemovableAttributeTagProcessor
[THYMELEAF]             * [* {th:longdesc,data-th-longdesc}] [1000]: org.thymeleaf.standard.processor.StandardRemovableAttributeTagProcessor
[THYMELEAF]             * [* {th:codebase,data-th-codebase}] [1000]: org.thymeleaf.standard.processor.StandardRemovableAttributeTagProcessor
[THYMELEAF]             * [* {th:marginheight,data-th-marginheight}] [1000]: org.thymeleaf.standard.processor.StandardRemovableAttributeTagProcessor
[THYMELEAF]             * [* {th:size,data-th-size}] [1000]: org.thymeleaf.standard.processor.StandardRemovableAttributeTagProcessor
[THYMELEAF]             * [* {th:placeholder,data-th-placeholder}] [1000]: org.thymeleaf.standard.processor.StandardRemovableAttributeTagProcessor
[THYMELEAF]             * [* {th:kind,data-th-kind}] [1000]: org.thymeleaf.standard.processor.StandardRemovableAttributeTagProcessor
[THYMELEAF]             * [* {th:rel,data-th-rel}] [1000]: org.thymeleaf.standard.processor.StandardRemovableAttributeTagProcessor
[THYMELEAF]             * [* {th:list,data-th-list}] [1000]: org.thymeleaf.standard.processor.StandardRemovableAttributeTagProcessor
[THYMELEAF]             * [* {th:scope,data-th-scope}] [1000]: org.thymeleaf.standard.processor.StandardRemovableAttributeTagProcessor
[THYMELEAF]             * [* {th:content,data-th-content}] [1000]: org.thymeleaf.standard.processor.StandardRemovableAttributeTagProcessor
[THYMELEAF]             * [* {th:srclang,data-th-srclang}] [1000]: org.thymeleaf.standard.processor.StandardRemovableAttributeTagProcessor
[THYMELEAF]             * [* {th:height,data-th-height}] [1000]: org.thymeleaf.standard.processor.StandardRemovableAttributeTagProcessor
[THYMELEAF]             * [* {th:data,data-th-data}] [1000]: org.thymeleaf.standard.processor.StandardRemovableAttributeTagProcessor
[THYMELEAF]             * [* {th:frameborder,data-th-frameborder}] [1000]: org.thymeleaf.standard.processor.StandardRemovableAttributeTagProcessor
[THYMELEAF]             * [* {th:id,data-th-id}] [1000]: org.thymeleaf.standard.processor.StandardRemovableAttributeTagProcessor
[THYMELEAF]             * [* {th:rules,data-th-rules}] [1000]: org.thymeleaf.standard.processor.StandardRemovableAttributeTagProcessor
[THYMELEAF]             * [* {th:radiogroup,data-th-radiogroup}] [1000]: org.thymeleaf.standard.processor.StandardRemovableAttributeTagProcessor
[THYMELEAF]             * [* {th:cite,data-th-cite}] [1000]: org.thymeleaf.standard.processor.StandardRemovableAttributeTagProcessor
[THYMELEAF]             * [* {th:sizes,data-th-sizes}] [1000]: org.thymeleaf.standard.processor.StandardRemovableAttributeTagProcessor
[THYMELEAF]             * [* {th:contextmenu,data-th-contextmenu}] [1000]: org.thymeleaf.standard.processor.StandardRemovableAttributeTagProcessor
[THYMELEAF]             * [* {th:standby,data-th-standby}] [1000]: org.thymeleaf.standard.processor.StandardRemovableAttributeTagProcessor
[THYMELEAF]             * [* {th:scheme,data-th-scheme}] [1000]: org.thymeleaf.standard.processor.StandardRemovableAttributeTagProcessor
[THYMELEAF]             * [* {th:audio,data-th-audio}] [1000]: org.thymeleaf.standard.processor.StandardRemovableAttributeTagProcessor
[THYMELEAF]             * [* {th:src,data-th-src}] [1000]: org.thymeleaf.standard.processor.StandardSrcTagProcessor
[THYMELEAF]             * [* {th:value,data-th-value}] [1000]: org.thymeleaf.standard.processor.StandardValueTagProcessor
[THYMELEAF]             * [* {th:xmlbase,data-th-xmlbase}] [1000]: org.thymeleaf.standard.processor.StandardXmlBaseTagProcessor
[THYMELEAF]             * [* {th:xmllang,data-th-xmllang}] [1000]: org.thymeleaf.standard.processor.StandardXmlLangTagProcessor
[THYMELEAF]             * [* {xmlns:th}] [1000]: org.thymeleaf.standard.processor.StandardXmlNsTagProcessor
[THYMELEAF]             * [* {th:xmlspace,data-th-xmlspace}] [1000]: org.thymeleaf.standard.processor.StandardXmlSpaceTagProcessor
[THYMELEAF]             * [* {th:classappend,data-th-classappend}] [1100]: org.thymeleaf.standard.processor.StandardClassappendTagProcessor
[THYMELEAF]             * [* {th:styleappend,data-th-styleappend}] [1100]: org.thymeleaf.standard.processor.StandardStyleappendTagProcessor
[THYMELEAF]             * [* {th:text,data-th-text}] [1300]: org.thymeleaf.standard.processor.StandardTextTagProcessor
[THYMELEAF]             * [* {th:utext,data-th-utext}] [1400]: org.thymeleaf.standard.processor.StandardUtextTagProcessor
[THYMELEAF]             * [* {th:fragment,data-th-fragment}] [1500]: org.thymeleaf.standard.processor.StandardFragmentTagProcessor
[THYMELEAF]             * [* {th:assert,data-th-assert}] [1550]: org.thymeleaf.standard.processor.StandardAssertTagProcessor
[THYMELEAF]             * [* {th:remove,data-th-remove}] [1600]: org.thymeleaf.standard.processor.StandardRemoveTagProcessor
[THYMELEAF]             * [* {th:ref,data-th-ref}] [10000]: org.thymeleaf.standard.processor.StandardRefAttributeTagProcessor
[THYMELEAF]             * [{th:block,th-block} *] [100000]: org.thymeleaf.standard.processor.StandardBlockTagProcessor
[THYMELEAF]             * [* th:*] [2147483647]: org.thymeleaf.standard.processor.StandardDefaultAttributesTagProcessor
[THYMELEAF]         * Text Processors by [precedence]:
[THYMELEAF]             * [1000]: org.thymeleaf.standard.processor.StandardInliningTextProcessor
[THYMELEAF]         * DOCTYPE Processors by [precedence]:
[THYMELEAF]             * [1000]: org.thymeleaf.standard.processor.StandardTranslationDocTypeProcessor
[THYMELEAF]         * CDATA Section Processors by [precedence]:
[THYMELEAF]             * [1000]: org.thymeleaf.standard.processor.StandardInliningCDATASectionProcessor
[THYMELEAF]         * Comment Processors by [precedence]:
[THYMELEAF]             * [1000]: org.thymeleaf.standard.processor.StandardInliningCommentProcessor
[THYMELEAF]             * [1100]: org.thymeleaf.standard.processor.StandardConditionalCommentProcessor
[THYMELEAF]     * Processors for Template Mode: XML
[THYMELEAF]         * Element Tag Processors by [matching element and attribute name] [precedence]:
[THYMELEAF]             * [* {th:include}] [100]: org.thymeleaf.standard.processor.StandardIncludeTagProcessor
[THYMELEAF]             * [* {th:insert}] [100]: org.thymeleaf.standard.processor.StandardInsertTagProcessor
[THYMELEAF]             * [* {th:replace}] [100]: org.thymeleaf.standard.processor.StandardReplaceTagProcessor
[THYMELEAF]             * [* {th:each}] [200]: com.intuit.karate.template.KarateEachTagProcessor
[THYMELEAF]             * [* {th:switch}] [250]: org.thymeleaf.standard.processor.StandardSwitchTagProcessor
[THYMELEAF]             * [* {th:case}] [275]: org.thymeleaf.standard.processor.StandardCaseTagProcessor
[THYMELEAF]             * [* {th:if}] [300]: org.thymeleaf.standard.processor.StandardIfTagProcessor
[THYMELEAF]             * [* {th:unless}] [400]: org.thymeleaf.standard.processor.StandardUnlessTagProcessor
[THYMELEAF]             * [* {th:object}] [500]: org.thymeleaf.standard.processor.StandardObjectTagProcessor
[THYMELEAF]             * [* {th:with}] [600]: com.intuit.karate.template.KarateWithTagProcessor
[THYMELEAF]             * [* {th:attr}] [700]: com.intuit.karate.template.KarateAttributeTagProcessor.KarateAttrTagProcessor
[THYMELEAF]             * [* {th:attrappend}] [900]: com.intuit.karate.template.KarateAttributeTagProcessor.KarateAttrappendTagProcessor
[THYMELEAF]             * [* {th:attrprepend}] [900]: com.intuit.karate.template.KarateAttributeTagProcessor.KarateAttrprependTagProcessor
[THYMELEAF]             * [* {th:inline}] [1000]: org.thymeleaf.standard.processor.StandardInlineXMLTagProcessor
[THYMELEAF]             * [* {xmlns:th}] [1000]: org.thymeleaf.standard.processor.StandardXmlNsTagProcessor
[THYMELEAF]             * [* {th:text}] [1300]: org.thymeleaf.standard.processor.StandardTextTagProcessor
[THYMELEAF]             * [* {th:utext}] [1400]: org.thymeleaf.standard.processor.StandardUtextTagProcessor
[THYMELEAF]             * [* {th:fragment}] [1500]: org.thymeleaf.standard.processor.StandardFragmentTagProcessor
[THYMELEAF]             * [* {th:assert}] [1550]: org.thymeleaf.standard.processor.StandardAssertTagProcessor
[THYMELEAF]             * [* {th:remove}] [1600]: org.thymeleaf.standard.processor.StandardRemoveTagProcessor
[THYMELEAF]             * [* {th:ref}] [10000]: org.thymeleaf.standard.processor.StandardRefAttributeTagProcessor
[THYMELEAF]             * [{th:block} *] [100000]: org.thymeleaf.standard.processor.StandardBlockTagProcessor
[THYMELEAF]             * [* th:*] [2147483647]: org.thymeleaf.standard.processor.StandardDefaultAttributesTagProcessor
[THYMELEAF]         * Text Processors by [precedence]:
[THYMELEAF]             * [1000]: org.thymeleaf.standard.processor.StandardInliningTextProcessor
[THYMELEAF]         * CDATA Section Processors by [precedence]:
[THYMELEAF]             * [1000]: org.thymeleaf.standard.processor.StandardInliningCDATASectionProcessor
[THYMELEAF]         * Comment Processors by [precedence]:
[THYMELEAF]             * [1000]: org.thymeleaf.standard.processor.StandardInliningCommentProcessor
[THYMELEAF]     * Processors for Template Mode: TEXT
[THYMELEAF]         * Element Tag Processors by [matching element and attribute name] [precedence]:
[THYMELEAF]             * [* {th:insert}] [100]: org.thymeleaf.standard.processor.StandardInsertTagProcessor
[THYMELEAF]             * [* {th:replace}] [100]: org.thymeleaf.standard.processor.StandardReplaceTagProcessor
[THYMELEAF]             * [* {th:each}] [200]: com.intuit.karate.template.KarateEachTagProcessor
[THYMELEAF]             * [* {th:switch}] [250]: org.thymeleaf.standard.processor.StandardSwitchTagProcessor
[THYMELEAF]             * [* {th:case}] [275]: org.thymeleaf.standard.processor.StandardCaseTagProcessor
[THYMELEAF]             * [* {th:if}] [300]: org.thymeleaf.standard.processor.StandardIfTagProcessor
[THYMELEAF]             * [* {th:unless}] [400]: org.thymeleaf.standard.processor.StandardUnlessTagProcessor
[THYMELEAF]             * [* {th:object}] [500]: org.thymeleaf.standard.processor.StandardObjectTagProcessor
[THYMELEAF]             * [* {th:with}] [600]: com.intuit.karate.template.KarateWithTagProcessor
[THYMELEAF]             * [* {th:inline}] [1000]: org.thymeleaf.standard.processor.StandardInlineTextualTagProcessor
[THYMELEAF]             * [* {th:text}] [1300]: org.thymeleaf.standard.processor.StandardTextTagProcessor
[THYMELEAF]             * [* {th:utext}] [1400]: org.thymeleaf.standard.processor.StandardUtextTagProcessor
[THYMELEAF]             * [* {th:assert}] [1550]: org.thymeleaf.standard.processor.StandardAssertTagProcessor
[THYMELEAF]             * [* {th:remove}] [1600]: org.thymeleaf.standard.processor.StandardRemoveTagProcessor
[THYMELEAF]             * [{th:block} *] [100000]: org.thymeleaf.standard.processor.StandardBlockTagProcessor
[THYMELEAF]             * [* 100000] [org.thymeleaf.standard.processor.StandardBlockTagProcessor]: {}
[THYMELEAF]         * Text Processors by [precedence]:
[THYMELEAF]             * [1000]: org.thymeleaf.standard.processor.StandardInliningTextProcessor
[THYMELEAF]     * Processors for Template Mode: JAVASCRIPT
[THYMELEAF]         * Element Tag Processors by [matching element and attribute name] [precedence]:
[THYMELEAF]             * [* {th:insert}] [100]: org.thymeleaf.standard.processor.StandardInsertTagProcessor
[THYMELEAF]             * [* {th:replace}] [100]: org.thymeleaf.standard.processor.StandardReplaceTagProcessor
[THYMELEAF]             * [* {th:each}] [200]: com.intuit.karate.template.KarateEachTagProcessor
[THYMELEAF]             * [* {th:switch}] [250]: org.thymeleaf.standard.processor.StandardSwitchTagProcessor
[THYMELEAF]             * [* {th:case}] [275]: org.thymeleaf.standard.processor.StandardCaseTagProcessor
[THYMELEAF]             * [* {th:if}] [300]: org.thymeleaf.standard.processor.StandardIfTagProcessor
[THYMELEAF]             * [* {th:unless}] [400]: org.thymeleaf.standard.processor.StandardUnlessTagProcessor
[THYMELEAF]             * [* {th:object}] [500]: org.thymeleaf.standard.processor.StandardObjectTagProcessor
[THYMELEAF]             * [* {th:with}] [600]: com.intuit.karate.template.KarateWithTagProcessor
[THYMELEAF]             * [* {th:inline}] [1000]: org.thymeleaf.standard.processor.StandardInlineTextualTagProcessor
[THYMELEAF]             * [* {th:text}] [1300]: org.thymeleaf.standard.processor.StandardTextTagProcessor
[THYMELEAF]             * [* {th:utext}] [1400]: org.thymeleaf.standard.processor.StandardUtextTagProcessor
[THYMELEAF]             * [* {th:assert}] [1550]: org.thymeleaf.standard.processor.StandardAssertTagProcessor
[THYMELEAF]             * [* {th:remove}] [1600]: org.thymeleaf.standard.processor.StandardRemoveTagProcessor
[THYMELEAF]             * [* 100000] [org.thymeleaf.standard.processor.StandardBlockTagProcessor]: {}
[THYMELEAF]             * [{th:block} *] [100000]: org.thymeleaf.standard.processor.StandardBlockTagProcessor
[THYMELEAF]         * Text Processors by [precedence]:
[THYMELEAF]             * [1000]: org.thymeleaf.standard.processor.StandardInliningTextProcessor
[THYMELEAF]     * Processors for Template Mode: CSS
[THYMELEAF]         * Element Tag Processors by [matching element and attribute name] [precedence]:
[THYMELEAF]             * [* {th:insert}] [100]: org.thymeleaf.standard.processor.StandardInsertTagProcessor
[THYMELEAF]             * [* {th:replace}] [100]: org.thymeleaf.standard.processor.StandardReplaceTagProcessor
[THYMELEAF]             * [* {th:each}] [200]: com.intuit.karate.template.KarateEachTagProcessor
[THYMELEAF]             * [* {th:switch}] [250]: org.thymeleaf.standard.processor.StandardSwitchTagProcessor
[THYMELEAF]             * [* {th:case}] [275]: org.thymeleaf.standard.processor.StandardCaseTagProcessor
[THYMELEAF]             * [* {th:if}] [300]: org.thymeleaf.standard.processor.StandardIfTagProcessor
[THYMELEAF]             * [* {th:unless}] [400]: org.thymeleaf.standard.processor.StandardUnlessTagProcessor
[THYMELEAF]             * [* {th:object}] [500]: org.thymeleaf.standard.processor.StandardObjectTagProcessor
[THYMELEAF]             * [* {th:with}] [600]: com.intuit.karate.template.KarateWithTagProcessor
[THYMELEAF]             * [* {th:inline}] [1000]: org.thymeleaf.standard.processor.StandardInlineTextualTagProcessor
[THYMELEAF]             * [* {th:text}] [1300]: org.thymeleaf.standard.processor.StandardTextTagProcessor
[THYMELEAF]             * [* {th:utext}] [1400]: org.thymeleaf.standard.processor.StandardUtextTagProcessor
[THYMELEAF]             * [* {th:assert}] [1550]: org.thymeleaf.standard.processor.StandardAssertTagProcessor
[THYMELEAF]             * [* {th:remove}] [1600]: org.thymeleaf.standard.processor.StandardRemoveTagProcessor
[THYMELEAF]             * [{th:block} *] [100000]: org.thymeleaf.standard.processor.StandardBlockTagProcessor
[THYMELEAF]             * [* 100000] [org.thymeleaf.standard.processor.StandardBlockTagProcessor]: {}
[THYMELEAF]         * Text Processors by [precedence]:
[THYMELEAF]             * [1000]: org.thymeleaf.standard.processor.StandardInliningTextProcessor
[THYMELEAF]     * Expression Objects:
[THYMELEAF]         * #ctx
[THYMELEAF]         * #root
[THYMELEAF]         * #vars
[THYMELEAF]         * #object
[THYMELEAF]         * #locale
[THYMELEAF]         * #conversions
[THYMELEAF]         * #uris
[THYMELEAF]         * #temporals
[THYMELEAF]         * #calendars
[THYMELEAF]         * #dates
[THYMELEAF]         * #bools
[THYMELEAF]         * #numbers
[THYMELEAF]         * #objects
[THYMELEAF]         * #strings
[THYMELEAF]         * #arrays
[THYMELEAF]         * #lists
[THYMELEAF]         * #sets
[THYMELEAF]         * #maps
[THYMELEAF]         * #aggregates
[THYMELEAF]         * #messages
[THYMELEAF]         * #ids
[THYMELEAF]         * #execInfo
[THYMELEAF]         * #request
[THYMELEAF]         * #response
[THYMELEAF]         * #session
[THYMELEAF]         * #servletContext
[THYMELEAF]     * Execution Attributes:
[THYMELEAF]         * "StandardExpressionParser": com.intuit.karate.template.KarateStandardDialect@12670e55
[THYMELEAF]         * "StandardJavaScriptSerializer": org.thymeleaf.standard.serializer.StandardJavaScriptSerializer@9147ba2
[THYMELEAF]         * "StandardCSSSerializer": org.thymeleaf.standard.serializer.StandardCSSSerializer@3460e4ed
[THYMELEAF]         * "StandardVariableExpressionEvaluator": com.intuit.karate.template.KarateStandardDialect@12670e55
[THYMELEAF]         * "StandardConversionService": org.thymeleaf.standard.expression.StandardConversionService@2efcc0b3
[THYMELEAF] * Dialect [2 of 2]: karate (com.intuit.karate.template.KarateScriptDialect)
[THYMELEAF]     * Prefix: "ka"
[THYMELEAF]     * Processors for Template Mode: HTML
[THYMELEAF]         * Element Tag Processors by [matching element and attribute name] [precedence]:
[THYMELEAF]             * [* {src}] [1000]: com.intuit.karate.template.KaScriptAttrProcessor
[THYMELEAF]         * Element Model Processors by [matching element and attribute name] [precedence]:
[THYMELEAF]             * [{script} {ka:scope,data-ka-scope}] [1000]: com.intuit.karate.template.KaScriptElemProcessor
[THYMELEAF]             * [* {ka:set,data-ka-set}] [1000]: com.intuit.karate.template.KaSetElemProcessor
[THYMELEAF] TEMPLATE ENGINE CONFIGURED OK
04:40:48.027 [main] DEBUG org.thymeleaf.TemplateEngine -- [THYMELEAF] TEMPLATE ENGINE INITIALIZED

HTML report: (paste into browser to view) | Karate version: 1.4.1
file:///C:/karate-projects/karate-selenium-tests/target/karate-reports/karate-summary.html
===================================================================

]]></system-out>
  </testcase>
</testsuite>